Log file open, 10/09/18 20:09:01
LogWindows: Failed to load 'aqProf.dll' (GetLastError=126)
LogWindows: File 'aqProf.dll' does not exist
LogWindows: Failed to load 'VtuneApi.dll' (GetLastError=126)
LogWindows: File 'VtuneApi.dll' does not exist
LogWindows: Failed to load 'VtuneApi32e.dll' (GetLastError=126)
LogWindows: File 'VtuneApi32e.dll' does not exist
LogInit: Display: Running engine for game: Colonize
LogPlatformFile: Not using cached read wrapper
LogInit: Display: RandInit(-37797274) SRandInit(-37797274).
LogInit: Read version file with build ID '3944462'
LogInit: Overriding engine version to CL 4033788, compatible CL 3944462
LogInit: Registered custom module enumerator with build ID '3944462'
LogTaskGraph: Started task graph with 5 named threads and 23 total threads with 3 sets of task threads.
LogStats: Stats thread started at 0.262459
LogD3D11RHI: Aftermath initialized
LogICUInternationalization: Display: ICU TimeZone Detection - Raw Offset: +4:00, Platform Override: ''
LogPluginManager: Mounting plugin Paper2D
LogPluginManager: Mounting plugin LiveLink
LogPluginManager: Mounting plugin LightPropagationVolume
LogPluginManager: Mounting plugin CLionSourceCodeAccess
LogPluginManager: Mounting plugin CodeLiteSourceCodeAccess
LogPluginManager: Mounting plugin GitSourceControl
LogPluginManager: Mounting plugin KDevelopSourceCodeAccess
LogPluginManager: Mounting plugin NullSourceCodeAccess
LogPluginManager: Mounting plugin PerforceSourceControl
LogPluginManager: Mounting plugin SubversionSourceControl
LogPluginManager: Mounting plugin UObjectPlugin
LogPluginManager: Mounting plugin VisualStudioCodeSourceCodeAccess
LogPluginManager: Mounting plugin VisualStudioSourceCodeAccess
LogPluginManager: Mounting plugin XCodeSourceCodeAccess
LogPluginManager: Mounting plugin AssetManagerEditor
LogPluginManager: Mounting plugin CryptoKeys
LogPluginManager: Mounting plugin DataValidation
LogPluginManager: Mounting plugin FacialAnimation
LogPluginManager: Mounting plugin GameplayTagsEditor
LogPluginManager: Mounting plugin MobileLauncherProfileWizard
LogPluginManager: Mounting plugin PluginBrowser
LogPluginManager: Mounting plugin SpeedTreeImporter
LogPluginManager: Mounting plugin DatasmithContent
LogPluginManager: Mounting plugin AlembicImporter
LogPluginManager: Mounting plugin CharacterAI
LogPluginManager: Mounting plugin HTML5Networking
LogPluginManager: Mounting plugin AndroidMedia
LogPluginManager: Mounting plugin AvfMedia
LogPluginManager: Mounting plugin ImgMedia
LogPluginManager: Mounting plugin LinearTimecode
LogPluginManager: Mounting plugin MediaCompositing
LogPluginManager: Mounting plugin MediaPlayerEditor
LogPluginManager: Mounting plugin WmfMedia
LogPluginManager: Mounting plugin TcpMessaging
LogPluginManager: Mounting plugin UdpMessaging
LogPluginManager: Mounting plugin ActorSequence
LogPluginManager: Mounting plugin LevelSequenceEditor
LogPluginManager: Mounting plugin MatineeToLevelSequence
LogPluginManager: Mounting plugin NetcodeUnitTest
LogPluginManager: Mounting plugin NUTUnrealEngine4
LogPluginManager: Mounting plugin OnlineSubsystemGooglePlay
LogPluginManager: Mounting plugin OnlineSubsystemIOS
LogPluginManager: Mounting plugin OnlineSubsystem
LogPluginManager: Mounting plugin OnlineSubsystemNull
LogPluginManager: Mounting plugin OnlineSubsystemUtils
LogPluginManager: Mounting plugin AndroidDeviceProfileSelector
LogPluginManager: Mounting plugin AndroidMoviePlayer
LogPluginManager: Mounting plugin AndroidPermission
LogPluginManager: Mounting plugin AppleARKit
LogPluginManager: Mounting plugin AppleMoviePlayer
LogPluginManager: Mounting plugin ArchVisCharacter
LogPluginManager: Mounting plugin AudioCapture
LogPluginManager: Mounting plugin CableComponent
LogPluginManager: Mounting plugin CustomMeshComponent
LogPluginManager: Mounting plugin ExampleDeviceProfileSelector
LogPluginManager: Mounting plugin GoogleCloudMessaging
LogPluginManager: Mounting plugin ImmediatePhysics
LogPluginManager: Mounting plugin IOSDeviceProfileSelector
LogPluginManager: Mounting plugin LinuxDeviceProfileSelector
LogPluginManager: Mounting plugin LocationServicesBPLibrary
LogPluginManager: Mounting plugin MobilePatchingUtils
LogPluginManager: Mounting plugin OculusVR
LogPluginManager: Plugin shader directory ../../../Engine/Plugins/Runtime/Oculus/OculusVR/Shaders found
LogPluginManager: Mapping shader source directory ../../../Engine/Plugins/Runtime/Oculus/OculusVR/Shaders to virtual directory /Plugin/OculusVR
LogPluginManager: Mounting plugin PhysXVehicles
LogPluginManager: Mounting plugin ProceduralMeshComponent
LogPluginManager: Mounting plugin RuntimePhysXCooking
LogPluginManager: Mounting plugin SteamVR
LogPluginManager: Mounting plugin WindowsMoviePlayer
LogStreaming: Display: Took  0.038s to configure plugins.
LogModuleManager: Display: Found up-to-date module file F:/Folders/School/Personal Project/Colonize/Colonize/Binaries/Win64/UE4Editor-Colonize-5735.dll (API version 3944462).
LogModuleManager: Display: Found up-to-date module file ../../../Engine/Plugins/2D/Paper2D/Binaries/Win64/UE4Editor-Paper2D.dll (API version 3944462).
LogModuleManager: Display: Found up-to-date module file ../../../Engine/Plugins/2D/Paper2D/Binaries/Win64/UE4Editor-Paper2DEditor.dll (API version 3944462).
LogModuleManager: Display: Found up-to-date module file ../../../Engine/Plugins/2D/Paper2D/Binaries/Win64/UE4Editor-PaperSpriteSheetImporter.dll (API version 3944462).
LogModuleManager: Display: Found up-to-date module file ../../../Engine/Plugins/2D/Paper2D/Binaries/Win64/UE4Editor-PaperTiledImporter.dll (API version 3944462).
LogModuleManager: Display: Found up-to-date module file ../../../Engine/Plugins/2D/Paper2D/Binaries/Win64/UE4Editor-SmartSnapping.dll (API version 3944462).
LogModuleManager: Display: Found up-to-date module file ../../../Engine/Plugins/Animation/LiveLink/Binaries/Win64/UE4Editor-LiveLink.dll (API version 3944462).
LogModuleManager: Display: Found up-to-date module file ../../../Engine/Plugins/Animation/LiveLink/Binaries/Win64/UE4Editor-LiveLinkEditor.dll (API version 3944462).
LogModuleManager: Display: Found up-to-date module file ../../../Engine/Plugins/Blendables/LightPropagationVolume/Binaries/Win64/UE4Editor-LightPropagationVolumeRuntime.dll (API version 3944462).
LogModuleManager: Display: Found up-to-date module file ../../../Engine/Plugins/Blendables/LightPropagationVolume/Binaries/Win64/UE4Editor-LightPropagationVolumeEditor.dll (API version 3944462).
LogModuleManager: Display: Found up-to-date module file ../../../Engine/Plugins/Developer/CLionSourceCodeAccess/Binaries/Win64/UE4Editor-CLionSourceCodeAccess.dll (API version 3944462).
LogModuleManager: Display: Found up-to-date module file ../../../Engine/Plugins/Developer/GitSourceControl/Binaries/Win64/UE4Editor-GitSourceControl.dll (API version 3944462).
LogModuleManager: Display: Found up-to-date module file ../../../Engine/Plugins/Developer/PerforceSourceControl/Binaries/Win64/UE4Editor-PerforceSourceControl.dll (API version 3944462).
LogModuleManager: Display: Found up-to-date module file ../../../Engine/Plugins/Developer/SubversionSourceControl/Binaries/Win64/UE4Editor-SubversionSourceControl.dll (API version 3944462).
LogModuleManager: Display: Found up-to-date module file ../../../Engine/Plugins/Developer/UObjectPlugin/Binaries/Win64/UE4Editor-UObjectPlugin.dll (API version 3944462).
LogModuleManager: Display: Found up-to-date module file ../../../Engine/Plugins/Developer/VisualStudioCodeSourceCodeAccess/Binaries/Win64/UE4Editor-VisualStudioCodeSourceCodeAccess.dll (API version 3944462).
LogModuleManager: Display: Found up-to-date module file ../../../Engine/Plugins/Developer/VisualStudioSourceCodeAccess/Binaries/Win64/UE4Editor-VisualStudioSourceCodeAccess.dll (API version 3944462).
LogModuleManager: Display: Found up-to-date module file ../../../Engine/Plugins/Editor/AssetManagerEditor/Binaries/Win64/UE4Editor-AssetManagerEditor.dll (API version 3944462).
LogModuleManager: Display: Found up-to-date module file ../../../Engine/Plugins/Editor/CryptoKeys/Binaries/Win64/UE4Editor-CryptoKeys.dll (API version 3944462).
LogModuleManager: Display: Found up-to-date module file ../../../Engine/Plugins/Editor/CryptoKeys/Binaries/Win64/UE4Editor-CryptoKeysOpenSSL.dll (API version 3944462).
LogModuleManager: Display: Found up-to-date module file ../../../Engine/Plugins/Editor/DataValidation/Binaries/Win64/UE4Editor-DataValidation.dll (API version 3944462).
LogModuleManager: Display: Found up-to-date module file ../../../Engine/Plugins/Editor/FacialAnimation/Binaries/Win64/UE4Editor-FacialAnimation.dll (API version 3944462).
LogModuleManager: Display: Found up-to-date module file ../../../Engine/Plugins/Editor/FacialAnimation/Binaries/Win64/UE4Editor-FacialAnimationEditor.dll (API version 3944462).
LogModuleManager: Display: Found up-to-date module file ../../../Engine/Plugins/Editor/GameplayTagsEditor/Binaries/Win64/UE4Editor-GameplayTagsEditor.dll (API version 3944462).
LogModuleManager: Display: Found up-to-date module file ../../../Engine/Plugins/Editor/MobileLauncherProfileWizard/Binaries/Win64/UE4Editor-MobileLauncherProfileWizard.dll (API version 3944462).
LogModuleManager: Display: Found up-to-date module file ../../../Engine/Plugins/Editor/PluginBrowser/Binaries/Win64/UE4Editor-PluginBrowser.dll (API version 3944462).
LogModuleManager: Display: Found up-to-date module file ../../../Engine/Plugins/Editor/SpeedTreeImporter/Binaries/Win64/UE4Editor-SpeedTreeImporter.dll (API version 3944462).
LogModuleManager: Display: Found up-to-date module file ../../../Engine/Plugins/Enterprise/DatasmithContent/Binaries/Win64/UE4Editor-DatasmithContent.dll (API version 3944462).
LogModuleManager: Display: Found up-to-date module file ../../../Engine/Plugins/Experimental/AlembicImporter/Binaries/Win64/UE4Editor-AlembicImporter.dll (API version 3944462).
LogModuleManager: Display: Found up-to-date module file ../../../Engine/Plugins/Experimental/AlembicImporter/Binaries/Win64/UE4Editor-AlembicLibrary.dll (API version 3944462).
LogModuleManager: Display: Found up-to-date module file ../../../Engine/Plugins/Experimental/CharacterAI/Binaries/Win64/UE4Editor-CharacterAI.dll (API version 3944462).
LogModuleManager: Display: Found up-to-date module file ../../../Engine/Plugins/Experimental/HTML5Networking/Binaries/Win64/UE4Editor-HTML5Networking.dll (API version 3944462).
LogModuleManager: Display: Found up-to-date module file ../../../Engine/Plugins/Media/AndroidMedia/Binaries/Win64/UE4Editor-AndroidMediaEditor.dll (API version 3944462).
LogModuleManager: Display: Found up-to-date module file ../../../Engine/Plugins/Media/AndroidMedia/Binaries/Win64/UE4Editor-AndroidMediaFactory.dll (API version 3944462).
LogModuleManager: Display: Found up-to-date module file ../../../Engine/Plugins/Media/AvfMedia/Binaries/Win64/UE4Editor-AvfMediaEditor.dll (API version 3944462).
LogModuleManager: Display: Found up-to-date module file ../../../Engine/Plugins/Media/AvfMedia/Binaries/Win64/UE4Editor-AvfMediaFactory.dll (API version 3944462).
LogModuleManager: Display: Found up-to-date module file ../../../Engine/Plugins/Media/AvfMedia/Binaries/Win64/UE4Editor-AvfMediaFactory.dll (API version 3944462).
LogModuleManager: Display: Found up-to-date module file ../../../Engine/Plugins/Media/ImgMedia/Binaries/Win64/UE4Editor-ImgMedia.dll (API version 3944462).
LogModuleManager: Display: Found up-to-date module file ../../../Engine/Plugins/Media/ImgMedia/Binaries/Win64/UE4Editor-ImgMediaEditor.dll (API version 3944462).
LogModuleManager: Display: Found up-to-date module file ../../../Engine/Plugins/Media/ImgMedia/Binaries/Win64/UE4Editor-ImgMediaFactory.dll (API version 3944462).
LogModuleManager: Display: Found up-to-date module file ../../../Engine/Plugins/Media/ImgMedia/Binaries/Win64/UE4Editor-ImgMediaFactory.dll (API version 3944462).
LogModuleManager: Display: Found up-to-date module file ../../../Engine/Plugins/Media/ImgMedia/Binaries/Win64/UE4Editor-OpenExrWrapper.dll (API version 3944462).
LogModuleManager: Display: Found up-to-date module file ../../../Engine/Plugins/Media/LinearTimecode/Binaries/Win64/UE4Editor-LinearTimecode.dll (API version 3944462).
LogModuleManager: Display: Found up-to-date module file ../../../Engine/Plugins/Media/MediaCompositing/Binaries/Win64/UE4Editor-MediaCompositing.dll (API version 3944462).
LogModuleManager: Display: Found up-to-date module file ../../../Engine/Plugins/Media/MediaCompositing/Binaries/Win64/UE4Editor-MediaCompositingEditor.dll (API version 3944462).
LogModuleManager: Display: Found up-to-date module file ../../../Engine/Plugins/Media/MediaPlayerEditor/Binaries/Win64/UE4Editor-MediaPlayerEditor.dll (API version 3944462).
LogModuleManager: Display: Found up-to-date module file ../../../Engine/Plugins/Media/WmfMedia/Binaries/Win64/UE4Editor-WmfMedia.dll (API version 3944462).
LogModuleManager: Display: Found up-to-date module file ../../../Engine/Plugins/Media/WmfMedia/Binaries/Win64/UE4Editor-WmfMediaEditor.dll (API version 3944462).
LogModuleManager: Display: Found up-to-date module file ../../../Engine/Plugins/Media/WmfMedia/Binaries/Win64/UE4Editor-WmfMediaFactory.dll (API version 3944462).
LogModuleManager: Display: Found up-to-date module file ../../../Engine/Plugins/Media/WmfMedia/Binaries/Win64/UE4Editor-WmfMediaFactory.dll (API version 3944462).
LogModuleManager: Display: Found up-to-date module file ../../../Engine/Plugins/Messaging/TcpMessaging/Binaries/Win64/UE4Editor-TcpMessaging.dll (API version 3944462).
LogModuleManager: Display: Found up-to-date module file ../../../Engine/Plugins/Messaging/UdpMessaging/Binaries/Win64/UE4Editor-UdpMessaging.dll (API version 3944462).
LogModuleManager: Display: Found up-to-date module file ../../../Engine/Plugins/MovieScene/ActorSequence/Binaries/Win64/UE4Editor-ActorSequence.dll (API version 3944462).
LogModuleManager: Display: Found up-to-date module file ../../../Engine/Plugins/MovieScene/LevelSequenceEditor/Binaries/Win64/UE4Editor-LevelSequenceEditor.dll (API version 3944462).
LogModuleManager: Display: Found up-to-date module file ../../../Engine/Plugins/MovieScene/MatineeToLevelSequence/Binaries/Win64/UE4Editor-MatineeToLevelSequence.dll (API version 3944462).
LogModuleManager: Display: Found up-to-date module file ../../../Engine/Plugins/NetcodeUnitTest/NetcodeUnitTest/Binaries/Win64/UE4Editor-NetcodeUnitTest.dll (API version 3944462).
LogModuleManager: Display: Found up-to-date module file ../../../Engine/Plugins/NetcodeUnitTest/NUTUnrealEngine4/Binaries/Win64/UE4Editor-NUTUnrealEngine4.dll (API version 3944462).
LogModuleManager: Display: Found up-to-date module file ../../../Engine/Plugins/Online/OnlineSubsystem/Binaries/Win64/UE4Editor-OnlineSubsystem.dll (API version 3944462).
LogModuleManager: Display: Found up-to-date module file ../../../Engine/Plugins/Online/OnlineSubsystemNull/Binaries/Win64/UE4Editor-OnlineSubsystemNull.dll (API version 3944462).
LogModuleManager: Display: Found up-to-date module file ../../../Engine/Plugins/Online/OnlineSubsystemUtils/Binaries/Win64/UE4Editor-OnlineSubsystemUtils.dll (API version 3944462).
LogModuleManager: Display: Found up-to-date module file ../../../Engine/Plugins/Online/OnlineSubsystemUtils/Binaries/Win64/UE4Editor-OnlineBlueprintSupport.dll (API version 3944462).
LogModuleManager: Display: Found up-to-date module file ../../../Engine/Plugins/Runtime/AndroidDeviceProfileSelector/Binaries/Win64/UE4Editor-AndroidDeviceProfileSelector.dll (API version 3944462).
LogModuleManager: Display: Found up-to-date module file ../../../Engine/Plugins/Runtime/AndroidPermission/Binaries/Win64/UE4Editor-AndroidPermission.dll (API version 3944462).
LogModuleManager: Display: Found up-to-date module file ../../../Engine/Plugins/Runtime/AppleARKit/Binaries/Win64/UE4Editor-AppleARKit.dll (API version 3944462).
LogModuleManager: Display: Found up-to-date module file ../../../Engine/Plugins/Runtime/ArchVisCharacter/Binaries/Win64/UE4Editor-ArchVisCharacter.dll (API version 3944462).
LogModuleManager: Display: Found up-to-date module file ../../../Engine/Plugins/Runtime/AudioCapture/Binaries/Win64/UE4Editor-AudioCapture.dll (API version 3944462).
LogModuleManager: Display: Found up-to-date module file ../../../Engine/Plugins/Runtime/AudioCapture/Binaries/Win64/UE4Editor-AudioCaptureEditor.dll (API version 3944462).
LogModuleManager: Display: Found up-to-date module file ../../../Engine/Plugins/Runtime/CableComponent/Binaries/Win64/UE4Editor-CableComponent.dll (API version 3944462).
LogModuleManager: Display: Found up-to-date module file ../../../Engine/Plugins/Runtime/CustomMeshComponent/Binaries/Win64/UE4Editor-CustomMeshComponent.dll (API version 3944462).
LogModuleManager: Display: Found up-to-date module file ../../../Engine/Plugins/Runtime/ExampleDeviceProfileSelector/Binaries/Win64/UE4Editor-ExampleDeviceProfileSelector.dll (API version 3944462).
LogModuleManager: Display: Found up-to-date module file ../../../Engine/Plugins/Runtime/ImmediatePhysics/Binaries/Win64/UE4Editor-ImmediatePhysics.dll (API version 3944462).
LogModuleManager: Display: Found up-to-date module file ../../../Engine/Plugins/Runtime/ImmediatePhysics/Binaries/Win64/UE4Editor-ImmediatePhysicsEditor.dll (API version 3944462).
LogModuleManager: Display: Found up-to-date module file ../../../Engine/Plugins/Runtime/LocationServicesBPLibrary/Binaries/Win64/UE4Editor-LocationServicesBPLibrary.dll (API version 3944462).
LogModuleManager: Display: Found up-to-date module file ../../../Engine/Plugins/Runtime/MobilePatchingUtils/Binaries/Win64/UE4Editor-MobilePatchingUtils.dll (API version 3944462).
LogModuleManager: Display: Found up-to-date module file ../../../Engine/Plugins/Runtime/Oculus/OculusVR/Binaries/Win64/UE4Editor-OculusHMD.dll (API version 3944462).
LogModuleManager: Display: Found up-to-date module file ../../../Engine/Plugins/Runtime/Oculus/OculusVR/Binaries/Win64/UE4Editor-OculusInput.dll (API version 3944462).
LogModuleManager: Display: Found up-to-date module file ../../../Engine/Plugins/Runtime/Oculus/OculusVR/Binaries/Win64/UE4Editor-OculusEditor.dll (API version 3944462).
LogModuleManager: Display: Found up-to-date module file ../../../Engine/Plugins/Runtime/PhysXVehicles/Binaries/Win64/UE4Editor-PhysXVehicles.dll (API version 3944462).
LogModuleManager: Display: Found up-to-date module file ../../../Engine/Plugins/Runtime/PhysXVehicles/Binaries/Win64/UE4Editor-PhysXVehiclesEditor.dll (API version 3944462).
LogModuleManager: Display: Found up-to-date module file ../../../Engine/Plugins/Runtime/ProceduralMeshComponent/Binaries/Win64/UE4Editor-ProceduralMeshComponent.dll (API version 3944462).
LogModuleManager: Display: Found up-to-date module file ../../../Engine/Plugins/Runtime/ProceduralMeshComponent/Binaries/Win64/UE4Editor-ProceduralMeshComponentEditor.dll (API version 3944462).
LogModuleManager: Display: Found up-to-date module file ../../../Engine/Plugins/Runtime/RuntimePhysXCooking/Binaries/Win64/UE4Editor-RuntimePhysXCooking.dll (API version 3944462).
LogModuleManager: Display: Found up-to-date module file ../../../Engine/Plugins/Runtime/Steam/SteamVR/Binaries/Win64/UE4Editor-SteamVR.dll (API version 3944462).
LogModuleManager: Display: Found up-to-date module file ../../../Engine/Plugins/Runtime/Steam/SteamVR/Binaries/Win64/UE4Editor-SteamVRController.dll (API version 3944462).
LogModuleManager: Display: Found up-to-date module file ../../../Engine/Plugins/Runtime/WindowsMoviePlayer/Binaries/Win64/UE4Editor-WindowsMoviePlayer.dll (API version 3944462).
LogInit: Using libcurl 7.47.1
LogInit:  - built for x86_64-pc-win32
LogInit:  - supports SSL with OpenSSL/1.0.2g
LogInit:  - supports HTTP deflate (compression) using libz 1.2.8
LogInit:  - other features:
LogInit:      CURL_VERSION_SSL
LogInit:      CURL_VERSION_LIBZ
LogInit:      CURL_VERSION_IPV6
LogInit:      CURL_VERSION_ASYNCHDNS
LogInit:      CURL_VERSION_LARGEFILE
LogInit:      CURL_VERSION_IDN
LogInit:  CurlRequestOptions (configurable via config and command line):
LogInit:  - bVerifyPeer = false  - Libcurl will NOT verify peer certificate
LogInit:  - bUseHttpProxy = false  - Libcurl will NOT use HTTP proxy
LogInit:  - bDontReuseConnections = false  - Libcurl will reuse connections
LogInit:  - CertBundlePath = nullptr  - Libcurl will use whatever was configured at build time.
LogInit:  - MaxHostConnections = 16  - Libcurl will limit the number of connections to a host
LogInit:  - LocalHostAddr = Default
LogInit: WinSock: version 1.1 (2.2), MaxSocks=32767, MaxUdp=65467
LogInit: WinSock: I am DESKTOP-VHRKD8J (94.207.228.245:0)
LogInit: Build: ++UE4+Release-4.19-CL-4033788
LogInit: Engine Version: 4.19.2-4033788+++UE4+Release-4.19
LogInit: Compatible Engine Version: 4.19.0-3944462+++UE4+Release-4.19
LogInit: Net CL: 3944462
LogDevObjectVersion: Number of dev versions registered: 18
LogDevObjectVersion:   Dev-Blueprints (B0D832E4-1F89-4F0D-ACCF-7EB736FD4AA2): 10
LogDevObjectVersion:   Dev-Build (E1C64328-A22C-4D53-A36C-8E866417BD8C): 0
LogDevObjectVersion:   Dev-Core (375EC13C-06E4-48FB-B500-84F0262A717E): 2
LogDevObjectVersion:   Dev-Editor (E4B068ED-F494-42E9-A231-DA0B2E46BB41): 23
LogDevObjectVersion:   Dev-Framework (CFFC743F-43B0-4480-9391-14DF171D2073): 33
LogDevObjectVersion:   Dev-Mobile (B02B49B5-BB20-44E9-A304-32B752E40360): 2
LogDevObjectVersion:   Dev-Networking (A4E4105C-59A1-49B5-A7C5-40C4547EDFEE): 0
LogDevObjectVersion:   Dev-Online (39C831C9-5AE6-47DC-9A44-9C173E1C8E7C): 0
LogDevObjectVersion:   Dev-Physics (78F01B33-EBEA-4F98-B9B4-84EACCB95AA2): 0
LogDevObjectVersion:   Dev-Platform (6631380F-2D4D-43E0-8009-CF276956A95A): 0
LogDevObjectVersion:   Dev-Rendering (12F88B9F-8875-4AFC-A67C-D90C383ABD29): 25
LogDevObjectVersion:   Dev-Sequencer (7B5AE74C-D270-4C10-A958-57980B212A5A): 6
LogDevObjectVersion:   Dev-VR (D7296918-1DD6-4BDD-9DE2-64A83CC13884): 1
LogDevObjectVersion:   Dev-LoadTimes (C2A15278-BFE7-4AFE-6C17-90FF531DF755): 1
LogDevObjectVersion:   Private-Geometry (6EACA3D4-40EC-4CC1-B786-8BED09428FC5): 2
LogDevObjectVersion:   Dev-AnimPhys (29E575DD-E0A3-4627-9D10-D276232CDCEA): 16
LogDevObjectVersion:   Dev-ReflectionCapture (6B266CEC-1EC7-4B8F-A30B-E4D90942FC07): 1
LogDevObjectVersion:   Dev-Automation (0DF73D61-A23F-47EA-B727-89E90C41499A): 1
LogInit: Compiled (64-bit): Apr 27 2018 02:06:57
LogInit: Compiled with Visual C++: 19.00.24215.01
LogInit: Build Configuration: Development
LogInit: Branch Name: ++UE4+Release-4.19
LogInit: Command Line:  /Game/maps/main_planet -game -PIEVIACONSOLE -ResX=1280 -ResY=720  -Multiprocess -messaging -SessionName="Play in Standalone Game" -windowed 
LogInit: Base Directory: C:/Program Files/Epic Games/UE_4.19/Engine/Binaries/Win64/
LogInit: Installed Engine Build: 1
LogStreaming: Display: Took  0.001s to delete old logs.
LogInit: Presizing for max 8388607 objects, including 0 objects not considered by GC, pre-allocating 0 bytes for permanent pool.
LogInit: Object subsystem initialized
[2018.10.09-16.09.03:031][  0]LogInit: Selected Device Profile: [Windows]
[2018.10.09-16.09.03:031][  0]LogInit: Applying CVar settings loaded from the selected device profile: [Windows]
[2018.10.09-16.09.03:033][  0]LogInit: Computer: DESKTOP-VHRKD8J
[2018.10.09-16.09.03:034][  0]LogInit: User: Gamer
[2018.10.09-16.09.03:034][  0]LogInit: CPU Page size=4096, Cores=4
[2018.10.09-16.09.03:034][  0]LogInit: High frequency timer resolution =3.914063 MHz
[2018.10.09-16.09.03:034][  0]LogMemory: Memory total: Physical=15.9GB (16GB approx)
[2018.10.09-16.09.03:034][  0]LogMemory: Platform Memory Stats for Windows
[2018.10.09-16.09.03:034][  0]LogMemory: Process Physical Memory: 273.75 MB used, 273.75 MB peak
[2018.10.09-16.09.03:034][  0]LogMemory: Process Virtual Memory: 264.64 MB used, 264.64 MB peak
[2018.10.09-16.09.03:034][  0]LogMemory: Physical Memory: 6858.13 MB used,  9455.46 MB free, 16313.59 MB total
[2018.10.09-16.09.03:034][  0]LogMemory: Virtual Memory: 4795.21 MB used,  9455.46 MB free, 134217728.00 MB total
[2018.10.09-16.09.03:321][  0]LogInit: Using OS detected language (en-US).
[2018.10.09-16.09.03:321][  0]LogInit: Using OS detected locale (en-US).
[2018.10.09-16.09.03:321][  0]LogTextLocalizationManager: No localization for 'en-US' exists, so 'en' will be used for the language.
[2018.10.09-16.09.03:321][  0]LogTextLocalizationManager: No localization for 'en-US' exists, so 'en' will be used for the locale.
[2018.10.09-16.09.03:665][  0]LogStreaming: Display: Took  0.344s to EndInitTextLocalization.
[2018.10.09-16.09.03:688][  0]LogSlate: New Slate User Created.  User Index 0, Is Virtual User: 0
[2018.10.09-16.09.03:688][  0]LogSlate: Slate User Registered.  User Index 0, Is Virtual User: 0
[2018.10.09-16.09.03:697][  0]LogD3D11RHI: D3D11 adapters:
[2018.10.09-16.09.03:733][  0]LogD3D11RHI:    0. 'NVIDIA GeForce GTX 980 Ti' (Feature Level 11_0)
[2018.10.09-16.09.03:733][  0]LogD3D11RHI:       6097/0/8156 MB DedicatedVideo/DedicatedSystem/SharedSystem, Outputs:2, VendorId:0x10de
[2018.10.09-16.09.03:734][  0]LogD3D11RHI:    1. 'Microsoft Basic Render Driver' (Feature Level 11_0)
[2018.10.09-16.09.03:734][  0]LogD3D11RHI:       0/0/8156 MB DedicatedVideo/DedicatedSystem/SharedSystem, Outputs:0, VendorId:0x1414
[2018.10.09-16.09.03:734][  0]LogD3D11RHI: Chosen D3D11 Adapter: 0
[2018.10.09-16.09.03:739][  0]LogD3D11RHI: Creating new Direct3DDevice
[2018.10.09-16.09.03:739][  0]LogD3D11RHI:     GPU DeviceId: 0x17c8 (for the marketing name, search the web for "GPU Device Id")
[2018.10.09-16.09.03:739][  0]LogWindows: EnumDisplayDevices:
[2018.10.09-16.09.03:739][  0]LogWindows:    0. 'NVIDIA GeForce GTX 980 Ti' (P:1 D:1)
[2018.10.09-16.09.03:739][  0]LogWindows:    1. 'NVIDIA GeForce GTX 980 Ti' (P:0 D:1)
[2018.10.09-16.09.03:739][  0]LogWindows:    2. 'NVIDIA GeForce GTX 980 Ti' (P:0 D:0)
[2018.10.09-16.09.03:740][  0]LogWindows:    3. 'NVIDIA GeForce GTX 980 Ti' (P:0 D:0)
[2018.10.09-16.09.03:740][  0]LogWindows: DebugString: GetVideoDriverDetailsInvalid PrimaryIsNotTheChoosenAdapter GetVideoDriverDetailsInvalid PrimaryIsNotTheChoosenAdapter GetVideoDriverDetailsInvalid PrimaryIsNotTheChoosenAdapter GetVideoDriverDetailsInvalid PrimaryIsNotTheChoosenAdapter FoundDriverCount:0 
[2018.10.09-16.09.03:740][  0]LogD3D11RHI:     Adapter Name: NVIDIA GeForce GTX 980 Ti
[2018.10.09-16.09.03:740][  0]LogD3D11RHI:   Driver Version: Unknown (internal:Unknown, unified:Unknown)
[2018.10.09-16.09.03:740][  0]LogD3D11RHI:      Driver Date: Unknown
[2018.10.09-16.09.03:740][  0]LogRHI: Texture pool is 4268 MB (70% of 6097 MB)
[2018.10.09-16.09.03:767][  0]LogD3D11RHI: [Aftermath] Aftermath enabled and primed
[2018.10.09-16.09.03:767][  0]LogD3D11RHI: [Aftermath] Aftermath enabled and primed
[2018.10.09-16.09.03:767][  0]LogD3D11RHI: Async texture creation enabled
[2018.10.09-16.09.03:796][  0]LogD3D11RHI: GPU Timing Frequency: 1000.000000 (Debug: 2 2)
[2018.10.09-16.09.03:886][  0]LogShaderCompilers: Guid format shader working directory is -7 characters bigger than the processId version (F:/Folders/School/Personal Project/Colonize/Colonize/Intermediate/Shaders/WorkingDirectory/10568/).
[2018.10.09-16.09.03:886][  0]LogShaderCompilers: Cleaned the shader compiler working directory 'C:/Users/Gamer/AppData/Local/Temp/UnrealShaderWorkingDir/27C0C6224570D4EFC6141584DAE5333E/'.
[2018.10.09-16.09.04:062][  0]LogTemp: Display: Loaded TP WindowsClientTargetPlatform
[2018.10.09-16.09.04:071][  0]LogTemp: Display: Loaded TP WindowsNoEditorTargetPlatform
[2018.10.09-16.09.04:081][  0]LogTemp: Display: Loaded TP WindowsServerTargetPlatform
[2018.10.09-16.09.04:086][  0]LogTemp: Display: Loaded TP WindowsTargetPlatform
[2018.10.09-16.09.04:086][  0]LogTargetPlatformManager: Display: Building Assets For Windows
[2018.10.09-16.09.04:155][  0]LogXGEController: Cannot use XGE Controller as Incredibuild is not installed on this machine.
[2018.10.09-16.09.04:155][  0]LogShaderCompilers: Cannot use XGE Shader Compiler as Incredibuild is not installed on this machine.
[2018.10.09-16.09.04:155][  0]LogShaderCompilers: Display: Using Local Shader Compiler.
[2018.10.09-16.09.04:633][  0]LogDerivedDataCache: Display: Max Cache Size: 512 MB
[2018.10.09-16.09.04:684][  0]LogDerivedDataCache: Loaded boot cache 0.05s 74MB C:/Users/Gamer/AppData/Local/UnrealEngine/4.19/DerivedDataCache/Boot.ddc.
[2018.10.09-16.09.04:685][  0]LogDerivedDataCache: Display: Loaded Boot cache: C:/Users/Gamer/AppData/Local/UnrealEngine/4.19/DerivedDataCache/Boot.ddc
[2018.10.09-16.09.04:685][  0]LogDerivedDataCache: FDerivedDataBackendGraph:  Pak pak cache file F:/Folders/School/Personal Project/Colonize/Colonize/DerivedDataCache/DDC.ddp not found, will not use a pak cache.
[2018.10.09-16.09.04:685][  0]LogDerivedDataCache: Unable to find inner node Pak for hierarchical cache Hierarchy.
[2018.10.09-16.09.04:685][  0]LogDerivedDataCache: FDerivedDataBackendGraph:  CompressedPak pak cache file F:/Folders/School/Personal Project/Colonize/Colonize/DerivedDataCache/Compressed.ddp not found, will not use a pak cache.
[2018.10.09-16.09.04:685][  0]LogDerivedDataCache: Unable to find inner node CompressedPak for hierarchical cache Hierarchy.
[2018.10.09-16.09.04:697][  0]LogDerivedDataCache: Display: Pak cache opened for reading ../../../Engine/DerivedDataCache/Compressed.ddp.
[2018.10.09-16.09.04:708][  0]LogDerivedDataCache: Using Local data cache path C:/Users/Gamer/AppData/Local/UnrealEngine/Common/DerivedDataCache: Writable
[2018.10.09-16.09.04:708][  0]LogDerivedDataCache: Shared data cache path not found in *engine.ini, will not use an Shared cache.
[2018.10.09-16.09.04:708][  0]LogDerivedDataCache: Unable to find inner node Shared for hierarchical cache Hierarchy.
[2018.10.09-16.09.04:716][  0]LogMaterial: Verifying Global Shaders for PCD3D_SM5
[2018.10.09-16.09.04:718][  0]LogSlate: Using Freetype 2.6.0
[2018.10.09-16.09.04:718][  0]LogSlate: SlateFontCache - WITH_FREETYPE: 1, WITH_HARFBUZZ: 1
[2018.10.09-16.09.04:718][  0]LogSlate: SlateFontCache - WITH_FREETYPE: 1, WITH_HARFBUZZ: 1
[2018.10.09-16.09.04:784][  0]LogAssetRegistry: FAssetRegistry took 0.0031 seconds to start up
[2018.10.09-16.09.04:926][  0]LogPackageLocalizationCache: Processed 9 localized package path(s) for 1 prioritized culture(s) in 0.006665 seconds
[2018.10.09-16.09.04:993][  0]LogInit: Selected Device Profile: [Windows]
[2018.10.09-16.09.05:090][  0]LogSimplygon: Simplygon DLL not present - disabling.
[2018.10.09-16.09.05:092][  0]LogMeshReduction: Using SimplygonSwarm for distributed automatic mesh merging
[2018.10.09-16.09.05:092][  0]LogMeshReduction: Using QuadricMeshReduction for automatic static mesh reduction
[2018.10.09-16.09.05:092][  0]LogMeshReduction: No automatic skeletal mesh reduction module available
[2018.10.09-16.09.05:092][  0]LogMeshReduction: No automatic mesh merging module available
[2018.10.09-16.09.05:092][  0]LogMeshMerging: No automatic mesh merging module available
[2018.10.09-16.09.05:116][  0]LogNetVersion: Colonize , NetCL: 3944462, EngineNetVer: 2, GameNetVer: 0 (Checksum: 2680204734)
[2018.10.09-16.09.05:536][  0]LogMoviePlayer: Initializing movie player
[2018.10.09-16.09.05:769][  0]LogTcpMessaging: Initializing TcpMessaging bridge
[2018.10.09-16.09.05:790][  0]LogUdpMessaging: Initializing bridge on interface 0.0.0.0:0 to multicast group 230.0.0.1:6666.
[2018.10.09-16.09.05:965][  0]SourceControl: Source control is disabled
[2018.10.09-16.09.05:965][  0]SourceControl: Source control is disabled
[2018.10.09-16.09.05:976][  0]SourceControl: Source control is disabled
[2018.10.09-16.09.06:222][  0]LogAndroidPermission: UAndroidPermissionCallbackProxy::GetInstance
[2018.10.09-16.09.06:326][  0]LogOcInput: OculusInput pre-init called
[2018.10.09-16.09.06:353][  0]LogUObjectArray: 40246 objects as part of root set at end of initial load.
[2018.10.09-16.09.06:353][  0]LogUObjectAllocator: 8394280 out of 0 bytes used by permanent object pool.
[2018.10.09-16.09.06:353][  0]LogUObjectArray: CloseDisregardForGC: 0/0 objects in disregard for GC pool
[2018.10.09-16.09.06:392][  0]LogEngine: Initializing Engine...
[2018.10.09-16.09.06:393][  0]LogHMD: Failed to initialize OpenVR with code 110
[2018.10.09-16.09.06:405][  0]LogStats: UGameplayTagsManager::ConstructGameplayTagTree: Construct from data asset -  0.000 s
[2018.10.09-16.09.06:405][  0]LogStats: UGameplayTagsManager::ConstructGameplayTagTree: GameplayTagTreeChangedEvent.Broadcast -  0.000 s
[2018.10.09-16.09.06:540][  0]LogInit: XAudio2 using 'Headset Earphone (Corsair VOID RGB USB Gaming Headset)' : 6 channels at 48 kHz using 16 bits per sample (channel mask 0x3f)
[2018.10.09-16.09.06:550][  0]LogInit: FAudioDevice initialized.
[2018.10.09-16.09.06:572][  0]LogInit: Texture streaming: Enabled
[2018.10.09-16.09.06:667][  0]LogInit: Display: Game Engine Initialized.
[2018.10.09-16.09.06:667][  0]LogGameplayTags: Display: UGameplayTagsManager::DoneAddingNativeTags. DelegateIsBound: 0
[2018.10.09-16.09.06:667][  0]LogStats: UGameplayTagsManager::ConstructGameplayTagTree: Construct from data asset -  0.000 s
[2018.10.09-16.09.06:667][  0]LogStats: UGameplayTagsManager::ConstructGameplayTagTree: GameplayTagTreeChangedEvent.Broadcast -  0.000 s
[2018.10.09-16.09.06:727][  0]LogInit: Display: Starting Game.
[2018.10.09-16.09.06:727][  0]LogNet: Browse: /Game/maps/main_planet?Name=Player
[2018.10.09-16.09.06:727][  0]LogLoad: LoadMap: /Game/maps/main_planet?Name=Player
[2018.10.09-16.09.06:790][  0]LogUObjectGlobals: Created PersistentFrame Addr=0x0000023793441a80, Size=592, Default__NewPlayer_BP_C Function /Game/blueprints/NewPlayer_BP.NewPlayer_BP_C:ExecuteUbergraph_NewPlayer_BP
[2018.10.09-16.09.06:794][  0]LogUObjectGlobals: Created PersistentFrame Addr=0x00000237933ed7f8, Size=56, Default__Colony_Warning_Menu_C Function /Game/UI/Colony_Warning_Menu.Colony_Warning_Menu_C:ExecuteUbergraph_Colony_Warning_Menu
[2018.10.09-16.09.06:799][  0]LogUObjectGlobals: Created PersistentFrame Addr=0x00000237933bdc60, Size=80, Default__Pause_Menu_C Function /Game/UI/Pause_Menu.Pause_Menu_C:ExecuteUbergraph_Pause_Menu
[2018.10.09-16.09.06:801][  0]LogUObjectGlobals: Created PersistentFrame Addr=0x000002379fb2aea0, Size=32, Default__Right_Click_Menu_C Function /Game/UI/Right_Click_Menu.Right_Click_Menu_C:ExecuteUbergraph_Right_Click_Menu
[2018.10.09-16.09.06:817][  0]LogUObjectGlobals: Destroyed PersistentFrame Addr=0x0000023793441a80, Size=592
[2018.10.09-16.09.06:817][  0]LogUObjectGlobals: Created PersistentFrame Addr=0x000002379f9f5a80, Size=592, Default__NewPlayer_BP_C Function /Engine/Transient.REINST_NewPlayer_BP_C_7:ExecuteUbergraph_NewPlayer_BP
[2018.10.09-16.09.06:817][  0]LogUObjectGlobals: Destroyed PersistentFrame Addr=0x00000237933ed7f8, Size=56
[2018.10.09-16.09.06:817][  0]LogUObjectGlobals: Created PersistentFrame Addr=0x00000237933ed7f8, Size=56, Default__Colony_Warning_Menu_C Function /Engine/Transient.REINST_Colony_Warning_Menu_C_0:ExecuteUbergraph_Colony_Warning_Menu
[2018.10.09-16.09.06:817][  0]LogUObjectGlobals: Destroyed PersistentFrame Addr=0x00000237933bdc60, Size=80
[2018.10.09-16.09.06:817][  0]LogUObjectGlobals: Created PersistentFrame Addr=0x0000023789c91710, Size=80, Default__Pause_Menu_C Function /Engine/Transient.REINST_Pause_Menu_C_1:ExecuteUbergraph_Pause_Menu
[2018.10.09-16.09.06:817][  0]LogUObjectGlobals: Destroyed PersistentFrame Addr=0x000002379fb2aea0, Size=32
[2018.10.09-16.09.06:817][  0]LogUObjectGlobals: Created PersistentFrame Addr=0x0000023789c67ce0, Size=32, Default__Right_Click_Menu_C Function /Engine/Transient.REINST_Right_Click_Menu_C_2:ExecuteUbergraph_Right_Click_Menu
[2018.10.09-16.09.06:833][  0]LogUObjectGlobals: Created PersistentFrame Addr=0x0000023789ac6700, Size=592, Default__NewPlayer_BP_C Function /Game/blueprints/NewPlayer_BP.NewPlayer_BP_C:ExecuteUbergraph_NewPlayer_BP
[2018.10.09-16.09.06:834][  0]LogUObjectGlobals: Created PersistentFrame Addr=0x0000023789aa2f98, Size=56, Default__Colony_Warning_Menu_C Function /Game/UI/Colony_Warning_Menu.Colony_Warning_Menu_C:ExecuteUbergraph_Colony_Warning_Menu
[2018.10.09-16.09.06:835][  0]LogUObjectGlobals: Created PersistentFrame Addr=0x0000023789a76e80, Size=80, Default__Pause_Menu_C Function /Game/UI/Pause_Menu.Pause_Menu_C:ExecuteUbergraph_Pause_Menu
[2018.10.09-16.09.06:835][  0]LogUObjectGlobals: Created PersistentFrame Addr=0x0000023789aa2c18, Size=56, Default__Right_Click_Menu_C Function /Game/UI/Right_Click_Menu.Right_Click_Menu_C:ExecuteUbergraph_Right_Click_Menu
[2018.10.09-16.09.06:877][  0]LogAIModule: Creating AISystem for world main_planet
[2018.10.09-16.09.06:879][  0]LogLoad: Game class is 'GameMode_BP_C'
[2018.10.09-16.09.06:881][  0]LogWorld: Bringing World /Game/maps/main_planet.main_planet up for play (max tick rate 0) at 2018.10.09-20.09.06
[2018.10.09-16.09.06:881][  0]LogWorld: Bringing up level for play took: 0.001719
[2018.10.09-16.09.06:882][  0]LogGameMode: FindPlayerStart: PATHS NOT DEFINED or NO PLAYERSTART with positive rating
[2018.10.09-16.09.06:883][  0]LogLoad: Took 0.155316 seconds to LoadMap(/Game/maps/main_planet)
[2018.10.09-16.09.06:951][  0]LogLoad: (Engine Initialization) Total time: 5.86 seconds
[2018.10.09-16.09.06:951][  0]LogLoad: (Engine Initialization) Total Blueprint compile time: 0.00 seconds
[2018.10.09-16.09.06:971][  0]LogRenderer: Reallocating scene render targets to support 1280x720 Format 10 NumSamples 1 (Frame:1).
[2018.10.09-16.09.07:006][  0]LogWindowsTextInputMethodSystem: Display: IME system now deactivated.
[2018.10.09-16.09.07:008][  0]LogContentStreaming: Texture pool size now 1000 MB
[2018.10.09-16.09.11:380][270]LogSlate: FSceneViewport::OnFocusLost() reason 0
[2018.10.09-16.09.12:718][353]LogSlate: FSceneViewport::OnFocusLost() reason 0
[2018.10.09-16.09.12:784][357]LogBlueprintUserMessages: [NewPlayer_BP_C_6] Translation: X=-617.787 Y=-1199.784 Z=2024.323 Rotation: P=0.000000 Y=-16.962933 R=-39.984325 Scale X=4.000 Y=4.000 Z=4.000
[2018.10.09-16.09.12:784][357]LogBlueprintUserMessages: [NewPlayer_BP_C_6] Translation: X=-671.962 Y=-2011.924 Z=40.317 Rotation: P=0.000000 Y=-5.655919 R=-95.507561 Scale X=4.000 Y=4.000 Z=4.000
[2018.10.09-16.09.12:784][357]LogBlueprintUserMessages: [NewPlayer_BP_C_6] Translation: X=-1503.562 Y=-1463.525 Z=1156.683 Rotation: P=0.000000 Y=-39.529861 R=-62.428814 Scale X=4.000 Y=4.000 Z=4.000
[2018.10.09-16.09.16:508][588]LogSlate: FSceneViewport::OnFocusLost() reason 0
[2018.10.09-16.09.16:879][611]LogSlate: FSceneViewport::OnFocusLost() reason 0
[2018.10.09-16.09.22:799][978]LogSlate: FSceneViewport::OnFocusLost() reason 0
[2018.10.09-16.09.23:089][996]LogSlate: FSceneViewport::OnFocusLost() reason 0
[2018.10.09-16.09.24:429][ 79]LogSlate: FSceneViewport::OnFocusLost() reason 0
[2018.10.09-16.09.24:510][ 84]LogBlueprintUserMessages: [NewPlayer_BP_C_6] Translation: X=-617.787 Y=-1199.784 Z=2024.323 Rotation: P=0.000000 Y=-16.962933 R=-39.984325 Scale X=4.000 Y=4.000 Z=4.000
[2018.10.09-16.09.24:510][ 84]LogBlueprintUserMessages: [NewPlayer_BP_C_6] Translation: X=-671.962 Y=-2011.924 Z=40.317 Rotation: P=0.000000 Y=-5.655919 R=-95.507561 Scale X=4.000 Y=4.000 Z=4.000
[2018.10.09-16.09.24:510][ 84]LogBlueprintUserMessages: [NewPlayer_BP_C_6] Translation: X=-1503.562 Y=-1463.525 Z=1156.683 Rotation: P=0.000000 Y=-39.529861 R=-62.428814 Scale X=4.000 Y=4.000 Z=4.000
[2018.10.09-16.09.27:783][287]Closing by request
[2018.10.09-16.09.27:783][287]LogWindows: FPlatformMisc::RequestExit(0)
[2018.10.09-16.09.28:427][288]LogSlate: Window 'Colonize (64-bit, PCD3D_SM5) ' being destroyed
[2018.10.09-16.09.28:427][288]LogWindowsTextInputMethodSystem: Display: IME system now deactivated.
[2018.10.09-16.09.28:429][288]LogWindowsTextInputMethodSystem: Display: IME system now deactivated.
[2018.10.09-16.09.28:429][288]LogSlate: Slate User Destroyed.  User Index 0, Is Virtual User: 0
[2018.10.09-16.09.28:431][288]LogExit: Preparing to exit.
[2018.10.09-16.09.28:431][288]LogMoviePlayer: Shutting down movie player
[2018.10.09-16.09.28:826][288]LogExit: Game engine shut down
[2018.10.09-16.09.28:829][288]LogUObjectGlobals: Destroyed PersistentFrame Addr=0x000002379f9f5a80, Size=592
[2018.10.09-16.09.28:829][288]LogUObjectGlobals: Destroyed PersistentFrame Addr=0x00000237933ed7f8, Size=56
[2018.10.09-16.09.28:829][288]LogUObjectGlobals: Destroyed PersistentFrame Addr=0x0000023789c91710, Size=80
[2018.10.09-16.09.28:829][288]LogUObjectGlobals: Destroyed PersistentFrame Addr=0x0000023789c67ce0, Size=32
[2018.10.09-16.09.28:829][288]LogUObjectGlobals: Destroyed PersistentFrame Addr=0x0000023789ac6700, Size=592
[2018.10.09-16.09.28:829][288]LogUObjectGlobals: Destroyed PersistentFrame Addr=0x0000023789aa2f98, Size=56
[2018.10.09-16.09.28:829][288]LogUObjectGlobals: Destroyed PersistentFrame Addr=0x0000023789a76e80, Size=80
[2018.10.09-16.09.28:829][288]LogUObjectGlobals: Destroyed PersistentFrame Addr=0x0000023789aa2c18, Size=56
[2018.10.09-16.09.28:873][288]LogExit: Object subsystem successfully closed.
[2018.10.09-16.09.28:884][288]LogShaderCompilers: Display: Shaders left to compile 0
[2018.10.09-16.09.28:886][288]LogD3D11RHI: Shutdown
[2018.10.09-16.09.28:886][288]LogD3D11RHI: CleanupD3DDevice
[2018.10.09-16.09.28:887][288]LogD3D11RHI: ~FD3D11DynamicRHI
[2018.10.09-16.09.28:895][288]LogModuleManager: Shutting down and abandoning module SequenceRecorderSections (334)
[2018.10.09-16.09.28:895][288]LogModuleManager: Shutting down and abandoning module SequenceRecorder (332)
[2018.10.09-16.09.28:895][288]LogModuleManager: Shutting down and abandoning module AutomationController (330)
[2018.10.09-16.09.28:895][288]LogModuleManager: Shutting down and abandoning module AutomationWorker (328)
[2018.10.09-16.09.28:895][288]LogModuleManager: Shutting down and abandoning module AIModule (326)
[2018.10.09-16.09.28:895][288]LogModuleManager: Shutting down and abandoning module GameplayDebugger (325)
[2018.10.09-16.09.28:895][288]LogModuleManager: Shutting down and abandoning module AITestSuite (323)
[2018.10.09-16.09.28:895][288]LogModuleManager: Shutting down and abandoning module WmfMediaFactory (320)
[2018.10.09-16.09.28:895][288]LogModuleManager: Shutting down and abandoning module OpenExrWrapper (318)
[2018.10.09-16.09.28:895][288]LogModuleManager: Shutting down and abandoning module ImgMediaFactory (316)
[2018.10.09-16.09.28:895][288]LogModuleManager: Shutting down and abandoning module AvfMediaFactory (314)
[2018.10.09-16.09.28:895][288]LogModuleManager: Shutting down and abandoning module CharacterAI (312)
[2018.10.09-16.09.28:895][288]LogModuleManager: Shutting down and abandoning module SessionServices (310)
[2018.10.09-16.09.28:895][288]LogModuleManager: Shutting down and abandoning module MovieSceneCapture (308)
[2018.10.09-16.09.28:895][288]LogModuleManager: Shutting down and abandoning module MovieSceneTracks (306)
[2018.10.09-16.09.28:895][288]LogModuleManager: Shutting down and abandoning module MovieScene (304)
[2018.10.09-16.09.28:896][288]LogModuleManager: Shutting down and abandoning module GeometryCache (302)
[2018.10.09-16.09.28:896][288]LogModuleManager: Shutting down and abandoning module GeometryCacheEd (301)
[2018.10.09-16.09.28:896][288]LogModuleManager: Shutting down and abandoning module StreamingPauseRendering (298)
[2018.10.09-16.09.28:896][288]LogModuleManager: Shutting down and abandoning module PortalServices (296)
[2018.10.09-16.09.28:896][288]LogModuleManager: Shutting down and abandoning module PortalRpc (294)
[2018.10.09-16.09.28:896][288]LogModuleManager: Shutting down and abandoning module MessagingRpc (292)
[2018.10.09-16.09.28:896][288]LogModuleManager: Shutting down and abandoning module ProfilerService (290)
[2018.10.09-16.09.28:897][288]LogModuleManager: Shutting down and abandoning module TaskGraph (288)
[2018.10.09-16.09.28:897][288]LogModuleManager: Shutting down and abandoning module SteamVRController (286)
[2018.10.09-16.09.28:897][288]LogModuleManager: Shutting down and abandoning module ProceduralMeshComponent (284)
[2018.10.09-16.09.28:897][288]LogModuleManager: Shutting down and abandoning module OculusInput (282)
[2018.10.09-16.09.28:897][288]LogModuleManager: Shutting down and abandoning module MobilePatchingUtils (280)
[2018.10.09-16.09.28:897][288]LogModuleManager: Shutting down and abandoning module CustomMeshComponent (278)
[2018.10.09-16.09.28:897][288]LogModuleManager: Shutting down and abandoning module CableComponent (276)
[2018.10.09-16.09.28:897][288]LogModuleManager: Shutting down and abandoning module AudioCapture (274)
[2018.10.09-16.09.28:897][288]LogModuleManager: Shutting down and abandoning module ArchVisCharacter (272)
[2018.10.09-16.09.28:897][288]LogModuleManager: Shutting down and abandoning module AndroidPermission (270)
[2018.10.09-16.09.28:897][288]LogModuleManager: Shutting down and abandoning module NUTUnrealEngine4 (266)
[2018.10.09-16.09.28:897][288]LogModuleManager: Shutting down and abandoning module NetcodeUnitTest (264)
[2018.10.09-16.09.28:897][288]LogModuleManager: Shutting down and abandoning module MediaCompositing (262)
[2018.10.09-16.09.28:897][288]LogModuleManager: Shutting down and abandoning module LinearTimecode (260)
[2018.10.09-16.09.28:897][288]LogModuleManager: Shutting down and abandoning module ImgMedia (258)
[2018.10.09-16.09.28:898][288]LogModuleManager: Shutting down and abandoning module HTML5Networking (256)
[2018.10.09-16.09.28:898][288]LogModuleManager: Shutting down and abandoning module DatasmithContent (254)
[2018.10.09-16.09.28:898][288]LogModuleManager: Shutting down and abandoning module CryptoKeysOpenSSL (252)
[2018.10.09-16.09.28:898][288]LogModuleManager: Shutting down and abandoning module CryptoKeys (250)
[2018.10.09-16.09.28:898][288]LogModuleManager: Shutting down and abandoning module VisualStudioSourceCodeAccess (248)
[2018.10.09-16.09.28:898][288]LogModuleManager: Shutting down and abandoning module HotReload (247)
[2018.10.09-16.09.28:898][288]LogDirectoryWatcher: A directory notification for 'F:/Folders/School/Personal Project/Colonize/Colonize/Binaries/Win64' was aborted.
[2018.10.09-16.09.28:898][288]LogModuleManager: Shutting down and abandoning module DirectoryWatcher (246)
[2018.10.09-16.09.28:898][288]LogModuleManager: Shutting down and abandoning module VisualStudioCodeSourceCodeAccess (242)
[2018.10.09-16.09.28:898][288]LogModuleManager: Shutting down and abandoning module UObjectPlugin (240)
[2018.10.09-16.09.28:898][288]LogModuleManager: Shutting down and abandoning module SubversionSourceControl (238)
[2018.10.09-16.09.28:898][288]LogModuleManager: Shutting down and abandoning module PerforceSourceControl (236)
[2018.10.09-16.09.28:899][288]LogModuleManager: Shutting down and abandoning module SourceControl (235)
[2018.10.09-16.09.28:899][288]LogModuleManager: Shutting down and abandoning module CLionSourceCodeAccess (232)
[2018.10.09-16.09.28:899][288]LogModuleManager: Shutting down and abandoning module Colonize (230)
[2018.10.09-16.09.28:899][288]LogModuleManager: Shutting down and abandoning module RuntimePhysXCooking (228)
[2018.10.09-16.09.28:899][288]LogModuleManager: Shutting down and abandoning module PhysXVehiclesEditor (226)
[2018.10.09-16.09.28:899][288]LogModuleManager: Shutting down and abandoning module PhysXVehicles (224)
[2018.10.09-16.09.28:899][288]LogModuleManager: Shutting down and abandoning module LocationServicesBPLibrary (222)
[2018.10.09-16.09.28:899][288]LogModuleManager: Shutting down and abandoning module ImmediatePhysicsEditor (220)
[2018.10.09-16.09.28:899][288]LogModuleManager: Shutting down and abandoning module ImmediatePhysics (218)
[2018.10.09-16.09.28:899][288]LogModuleManager: Shutting down and abandoning module ActorSequence (216)
[2018.10.09-16.09.28:899][288]LogModuleManager: Shutting down and abandoning module UdpMessaging (214)
