Log file open, 10/08/18 19:58:25
LogWindows: Failed to load 'aqProf.dll' (GetLastError=126)
LogWindows: File 'aqProf.dll' does not exist
LogWindows: Failed to load 'VtuneApi.dll' (GetLastError=126)
LogWindows: File 'VtuneApi.dll' does not exist
LogWindows: Failed to load 'VtuneApi32e.dll' (GetLastError=126)
LogWindows: File 'VtuneApi32e.dll' does not exist
LogInit: Display: Running engine for game: Colonize
LogPlatformFile: Not using cached read wrapper
LogInit: Display: RandInit(-1409206965) SRandInit(-1409206965).
LogInit: Read version file with build ID '3944462'
LogInit: Overriding engine version to CL 4033788, compatible CL 3944462
LogInit: Registered custom module enumerator with build ID '3944462'
LogTaskGraph: Started task graph with 5 named threads and 23 total threads with 3 sets of task threads.
LogStats: Stats thread started at 0.260279
LogD3D11RHI: Aftermath initialized
LogICUInternationalization: Display: ICU TimeZone Detection - Raw Offset: +4:00, Platform Override: ''
LogPluginManager: Mounting plugin Paper2D
LogPluginManager: Mounting plugin LiveLink
LogPluginManager: Mounting plugin LightPropagationVolume
LogPluginManager: Mounting plugin CLionSourceCodeAccess
LogPluginManager: Mounting plugin CodeLiteSourceCodeAccess
LogPluginManager: Mounting plugin GitSourceControl
LogPluginManager: Mounting plugin KDevelopSourceCodeAccess
LogPluginManager: Mounting plugin NullSourceCodeAccess
LogPluginManager: Mounting plugin PerforceSourceControl
LogPluginManager: Mounting plugin SubversionSourceControl
LogPluginManager: Mounting plugin UObjectPlugin
LogPluginManager: Mounting plugin VisualStudioCodeSourceCodeAccess
LogPluginManager: Mounting plugin VisualStudioSourceCodeAccess
LogPluginManager: Mounting plugin XCodeSourceCodeAccess
LogPluginManager: Mounting plugin AssetManagerEditor
LogPluginManager: Mounting plugin CryptoKeys
LogPluginManager: Mounting plugin DataValidation
LogPluginManager: Mounting plugin FacialAnimation
LogPluginManager: Mounting plugin GameplayTagsEditor
LogPluginManager: Mounting plugin MobileLauncherProfileWizard
LogPluginManager: Mounting plugin PluginBrowser
LogPluginManager: Mounting plugin SpeedTreeImporter
LogPluginManager: Mounting plugin DatasmithContent
LogPluginManager: Mounting plugin AlembicImporter
LogPluginManager: Mounting plugin CharacterAI
LogPluginManager: Mounting plugin HTML5Networking
LogPluginManager: Mounting plugin AndroidMedia
LogPluginManager: Mounting plugin AvfMedia
LogPluginManager: Mounting plugin ImgMedia
LogPluginManager: Mounting plugin LinearTimecode
LogPluginManager: Mounting plugin MediaCompositing
LogPluginManager: Mounting plugin MediaPlayerEditor
LogPluginManager: Mounting plugin WmfMedia
LogPluginManager: Mounting plugin TcpMessaging
LogPluginManager: Mounting plugin UdpMessaging
LogPluginManager: Mounting plugin ActorSequence
LogPluginManager: Mounting plugin LevelSequenceEditor
LogPluginManager: Mounting plugin MatineeToLevelSequence
LogPluginManager: Mounting plugin NetcodeUnitTest
LogPluginManager: Mounting plugin NUTUnrealEngine4
LogPluginManager: Mounting plugin OnlineSubsystemGooglePlay
LogPluginManager: Mounting plugin OnlineSubsystemIOS
LogPluginManager: Mounting plugin OnlineSubsystem
LogPluginManager: Mounting plugin OnlineSubsystemNull
LogPluginManager: Mounting plugin OnlineSubsystemUtils
LogPluginManager: Mounting plugin AndroidDeviceProfileSelector
LogPluginManager: Mounting plugin AndroidMoviePlayer
LogPluginManager: Mounting plugin AndroidPermission
LogPluginManager: Mounting plugin AppleARKit
LogPluginManager: Mounting plugin AppleMoviePlayer
LogPluginManager: Mounting plugin ArchVisCharacter
LogPluginManager: Mounting plugin AudioCapture
LogPluginManager: Mounting plugin CableComponent
LogPluginManager: Mounting plugin CustomMeshComponent
LogPluginManager: Mounting plugin ExampleDeviceProfileSelector
LogPluginManager: Mounting plugin GoogleCloudMessaging
LogPluginManager: Mounting plugin ImmediatePhysics
LogPluginManager: Mounting plugin IOSDeviceProfileSelector
LogPluginManager: Mounting plugin LinuxDeviceProfileSelector
LogPluginManager: Mounting plugin LocationServicesBPLibrary
LogPluginManager: Mounting plugin MobilePatchingUtils
LogPluginManager: Mounting plugin OculusVR
LogPluginManager: Plugin shader directory ../../../Engine/Plugins/Runtime/Oculus/OculusVR/Shaders found
LogPluginManager: Mapping shader source directory ../../../Engine/Plugins/Runtime/Oculus/OculusVR/Shaders to virtual directory /Plugin/OculusVR
LogPluginManager: Mounting plugin PhysXVehicles
LogPluginManager: Mounting plugin ProceduralMeshComponent
LogPluginManager: Mounting plugin RuntimePhysXCooking
LogPluginManager: Mounting plugin SteamVR
LogPluginManager: Mounting plugin WindowsMoviePlayer
LogStreaming: Display: Took  0.031s to configure plugins.
LogModuleManager: Display: Found up-to-date module file F:/Folders/School/Personal Project/Colonize/Colonize/Binaries/Win64/UE4Editor-Colonize.dll (API version 3944462).
LogModuleManager: Display: Found up-to-date module file ../../../Engine/Plugins/2D/Paper2D/Binaries/Win64/UE4Editor-Paper2D.dll (API version 3944462).
LogModuleManager: Display: Found up-to-date module file ../../../Engine/Plugins/2D/Paper2D/Binaries/Win64/UE4Editor-Paper2DEditor.dll (API version 3944462).
LogModuleManager: Display: Found up-to-date module file ../../../Engine/Plugins/2D/Paper2D/Binaries/Win64/UE4Editor-PaperSpriteSheetImporter.dll (API version 3944462).
LogModuleManager: Display: Found up-to-date module file ../../../Engine/Plugins/2D/Paper2D/Binaries/Win64/UE4Editor-PaperTiledImporter.dll (API version 3944462).
LogModuleManager: Display: Found up-to-date module file ../../../Engine/Plugins/2D/Paper2D/Binaries/Win64/UE4Editor-SmartSnapping.dll (API version 3944462).
LogModuleManager: Display: Found up-to-date module file ../../../Engine/Plugins/Animation/LiveLink/Binaries/Win64/UE4Editor-LiveLink.dll (API version 3944462).
LogModuleManager: Display: Found up-to-date module file ../../../Engine/Plugins/Animation/LiveLink/Binaries/Win64/UE4Editor-LiveLinkEditor.dll (API version 3944462).
LogModuleManager: Display: Found up-to-date module file ../../../Engine/Plugins/Blendables/LightPropagationVolume/Binaries/Win64/UE4Editor-LightPropagationVolumeRuntime.dll (API version 3944462).
LogModuleManager: Display: Found up-to-date module file ../../../Engine/Plugins/Blendables/LightPropagationVolume/Binaries/Win64/UE4Editor-LightPropagationVolumeEditor.dll (API version 3944462).
LogModuleManager: Display: Found up-to-date module file ../../../Engine/Plugins/Developer/CLionSourceCodeAccess/Binaries/Win64/UE4Editor-CLionSourceCodeAccess.dll (API version 3944462).
LogModuleManager: Display: Found up-to-date module file ../../../Engine/Plugins/Developer/GitSourceControl/Binaries/Win64/UE4Editor-GitSourceControl.dll (API version 3944462).
LogModuleManager: Display: Found up-to-date module file ../../../Engine/Plugins/Developer/PerforceSourceControl/Binaries/Win64/UE4Editor-PerforceSourceControl.dll (API version 3944462).
LogModuleManager: Display: Found up-to-date module file ../../../Engine/Plugins/Developer/SubversionSourceControl/Binaries/Win64/UE4Editor-SubversionSourceControl.dll (API version 3944462).
LogModuleManager: Display: Found up-to-date module file ../../../Engine/Plugins/Developer/UObjectPlugin/Binaries/Win64/UE4Editor-UObjectPlugin.dll (API version 3944462).
LogModuleManager: Display: Found up-to-date module file ../../../Engine/Plugins/Developer/VisualStudioCodeSourceCodeAccess/Binaries/Win64/UE4Editor-VisualStudioCodeSourceCodeAccess.dll (API version 3944462).
LogModuleManager: Display: Found up-to-date module file ../../../Engine/Plugins/Developer/VisualStudioSourceCodeAccess/Binaries/Win64/UE4Editor-VisualStudioSourceCodeAccess.dll (API version 3944462).
LogModuleManager: Display: Found up-to-date module file ../../../Engine/Plugins/Editor/AssetManagerEditor/Binaries/Win64/UE4Editor-AssetManagerEditor.dll (API version 3944462).
LogModuleManager: Display: Found up-to-date module file ../../../Engine/Plugins/Editor/CryptoKeys/Binaries/Win64/UE4Editor-CryptoKeys.dll (API version 3944462).
LogModuleManager: Display: Found up-to-date module file ../../../Engine/Plugins/Editor/CryptoKeys/Binaries/Win64/UE4Editor-CryptoKeysOpenSSL.dll (API version 3944462).
LogModuleManager: Display: Found up-to-date module file ../../../Engine/Plugins/Editor/DataValidation/Binaries/Win64/UE4Editor-DataValidation.dll (API version 3944462).
LogModuleManager: Display: Found up-to-date module file ../../../Engine/Plugins/Editor/FacialAnimation/Binaries/Win64/UE4Editor-FacialAnimation.dll (API version 3944462).
LogModuleManager: Display: Found up-to-date module file ../../../Engine/Plugins/Editor/FacialAnimation/Binaries/Win64/UE4Editor-FacialAnimationEditor.dll (API version 3944462).
LogModuleManager: Display: Found up-to-date module file ../../../Engine/Plugins/Editor/GameplayTagsEditor/Binaries/Win64/UE4Editor-GameplayTagsEditor.dll (API version 3944462).
LogModuleManager: Display: Found up-to-date module file ../../../Engine/Plugins/Editor/MobileLauncherProfileWizard/Binaries/Win64/UE4Editor-MobileLauncherProfileWizard.dll (API version 3944462).
LogModuleManager: Display: Found up-to-date module file ../../../Engine/Plugins/Editor/PluginBrowser/Binaries/Win64/UE4Editor-PluginBrowser.dll (API version 3944462).
LogModuleManager: Display: Found up-to-date module file ../../../Engine/Plugins/Editor/SpeedTreeImporter/Binaries/Win64/UE4Editor-SpeedTreeImporter.dll (API version 3944462).
LogModuleManager: Display: Found up-to-date module file ../../../Engine/Plugins/Enterprise/DatasmithContent/Binaries/Win64/UE4Editor-DatasmithContent.dll (API version 3944462).
LogModuleManager: Display: Found up-to-date module file ../../../Engine/Plugins/Experimental/AlembicImporter/Binaries/Win64/UE4Editor-AlembicImporter.dll (API version 3944462).
LogModuleManager: Display: Found up-to-date module file ../../../Engine/Plugins/Experimental/AlembicImporter/Binaries/Win64/UE4Editor-AlembicLibrary.dll (API version 3944462).
LogModuleManager: Display: Found up-to-date module file ../../../Engine/Plugins/Experimental/CharacterAI/Binaries/Win64/UE4Editor-CharacterAI.dll (API version 3944462).
LogModuleManager: Display: Found up-to-date module file ../../../Engine/Plugins/Experimental/HTML5Networking/Binaries/Win64/UE4Editor-HTML5Networking.dll (API version 3944462).
LogModuleManager: Display: Found up-to-date module file ../../../Engine/Plugins/Media/AndroidMedia/Binaries/Win64/UE4Editor-AndroidMediaEditor.dll (API version 3944462).
LogModuleManager: Display: Found up-to-date module file ../../../Engine/Plugins/Media/AndroidMedia/Binaries/Win64/UE4Editor-AndroidMediaFactory.dll (API version 3944462).
LogModuleManager: Display: Found up-to-date module file ../../../Engine/Plugins/Media/AvfMedia/Binaries/Win64/UE4Editor-AvfMediaEditor.dll (API version 3944462).
LogModuleManager: Display: Found up-to-date module file ../../../Engine/Plugins/Media/AvfMedia/Binaries/Win64/UE4Editor-AvfMediaFactory.dll (API version 3944462).
LogModuleManager: Display: Found up-to-date module file ../../../Engine/Plugins/Media/AvfMedia/Binaries/Win64/UE4Editor-AvfMediaFactory.dll (API version 3944462).
LogModuleManager: Display: Found up-to-date module file ../../../Engine/Plugins/Media/ImgMedia/Binaries/Win64/UE4Editor-ImgMedia.dll (API version 3944462).
LogModuleManager: Display: Found up-to-date module file ../../../Engine/Plugins/Media/ImgMedia/Binaries/Win64/UE4Editor-ImgMediaEditor.dll (API version 3944462).
LogModuleManager: Display: Found up-to-date module file ../../../Engine/Plugins/Media/ImgMedia/Binaries/Win64/UE4Editor-ImgMediaFactory.dll (API version 3944462).
LogModuleManager: Display: Found up-to-date module file ../../../Engine/Plugins/Media/ImgMedia/Binaries/Win64/UE4Editor-ImgMediaFactory.dll (API version 3944462).
LogModuleManager: Display: Found up-to-date module file ../../../Engine/Plugins/Media/ImgMedia/Binaries/Win64/UE4Editor-OpenExrWrapper.dll (API version 3944462).
LogModuleManager: Display: Found up-to-date module file ../../../Engine/Plugins/Media/LinearTimecode/Binaries/Win64/UE4Editor-LinearTimecode.dll (API version 3944462).
LogModuleManager: Display: Found up-to-date module file ../../../Engine/Plugins/Media/MediaCompositing/Binaries/Win64/UE4Editor-MediaCompositing.dll (API version 3944462).
LogModuleManager: Display: Found up-to-date module file ../../../Engine/Plugins/Media/MediaCompositing/Binaries/Win64/UE4Editor-MediaCompositingEditor.dll (API version 3944462).
LogModuleManager: Display: Found up-to-date module file ../../../Engine/Plugins/Media/MediaPlayerEditor/Binaries/Win64/UE4Editor-MediaPlayerEditor.dll (API version 3944462).
LogModuleManager: Display: Found up-to-date module file ../../../Engine/Plugins/Media/WmfMedia/Binaries/Win64/UE4Editor-WmfMedia.dll (API version 3944462).
LogModuleManager: Display: Found up-to-date module file ../../../Engine/Plugins/Media/WmfMedia/Binaries/Win64/UE4Editor-WmfMediaEditor.dll (API version 3944462).
LogModuleManager: Display: Found up-to-date module file ../../../Engine/Plugins/Media/WmfMedia/Binaries/Win64/UE4Editor-WmfMediaFactory.dll (API version 3944462).
LogModuleManager: Display: Found up-to-date module file ../../../Engine/Plugins/Media/WmfMedia/Binaries/Win64/UE4Editor-WmfMediaFactory.dll (API version 3944462).
LogModuleManager: Display: Found up-to-date module file ../../../Engine/Plugins/Messaging/TcpMessaging/Binaries/Win64/UE4Editor-TcpMessaging.dll (API version 3944462).
LogModuleManager: Display: Found up-to-date module file ../../../Engine/Plugins/Messaging/UdpMessaging/Binaries/Win64/UE4Editor-UdpMessaging.dll (API version 3944462).
LogModuleManager: Display: Found up-to-date module file ../../../Engine/Plugins/MovieScene/ActorSequence/Binaries/Win64/UE4Editor-ActorSequence.dll (API version 3944462).
LogModuleManager: Display: Found up-to-date module file ../../../Engine/Plugins/MovieScene/LevelSequenceEditor/Binaries/Win64/UE4Editor-LevelSequenceEditor.dll (API version 3944462).
LogModuleManager: Display: Found up-to-date module file ../../../Engine/Plugins/MovieScene/MatineeToLevelSequence/Binaries/Win64/UE4Editor-MatineeToLevelSequence.dll (API version 3944462).
LogModuleManager: Display: Found up-to-date module file ../../../Engine/Plugins/NetcodeUnitTest/NetcodeUnitTest/Binaries/Win64/UE4Editor-NetcodeUnitTest.dll (API version 3944462).
LogModuleManager: Display: Found up-to-date module file ../../../Engine/Plugins/NetcodeUnitTest/NUTUnrealEngine4/Binaries/Win64/UE4Editor-NUTUnrealEngine4.dll (API version 3944462).
LogModuleManager: Display: Found up-to-date module file ../../../Engine/Plugins/Online/OnlineSubsystem/Binaries/Win64/UE4Editor-OnlineSubsystem.dll (API version 3944462).
LogModuleManager: Display: Found up-to-date module file ../../../Engine/Plugins/Online/OnlineSubsystemNull/Binaries/Win64/UE4Editor-OnlineSubsystemNull.dll (API version 3944462).
LogModuleManager: Display: Found up-to-date module file ../../../Engine/Plugins/Online/OnlineSubsystemUtils/Binaries/Win64/UE4Editor-OnlineSubsystemUtils.dll (API version 3944462).
LogModuleManager: Display: Found up-to-date module file ../../../Engine/Plugins/Online/OnlineSubsystemUtils/Binaries/Win64/UE4Editor-OnlineBlueprintSupport.dll (API version 3944462).
LogModuleManager: Display: Found up-to-date module file ../../../Engine/Plugins/Runtime/AndroidDeviceProfileSelector/Binaries/Win64/UE4Editor-AndroidDeviceProfileSelector.dll (API version 3944462).
LogModuleManager: Display: Found up-to-date module file ../../../Engine/Plugins/Runtime/AndroidPermission/Binaries/Win64/UE4Editor-AndroidPermission.dll (API version 3944462).
LogModuleManager: Display: Found up-to-date module file ../../../Engine/Plugins/Runtime/AppleARKit/Binaries/Win64/UE4Editor-AppleARKit.dll (API version 3944462).
LogModuleManager: Display: Found up-to-date module file ../../../Engine/Plugins/Runtime/ArchVisCharacter/Binaries/Win64/UE4Editor-ArchVisCharacter.dll (API version 3944462).
LogModuleManager: Display: Found up-to-date module file ../../../Engine/Plugins/Runtime/AudioCapture/Binaries/Win64/UE4Editor-AudioCapture.dll (API version 3944462).
LogModuleManager: Display: Found up-to-date module file ../../../Engine/Plugins/Runtime/AudioCapture/Binaries/Win64/UE4Editor-AudioCaptureEditor.dll (API version 3944462).
LogModuleManager: Display: Found up-to-date module file ../../../Engine/Plugins/Runtime/CableComponent/Binaries/Win64/UE4Editor-CableComponent.dll (API version 3944462).
LogModuleManager: Display: Found up-to-date module file ../../../Engine/Plugins/Runtime/CustomMeshComponent/Binaries/Win64/UE4Editor-CustomMeshComponent.dll (API version 3944462).
LogModuleManager: Display: Found up-to-date module file ../../../Engine/Plugins/Runtime/ExampleDeviceProfileSelector/Binaries/Win64/UE4Editor-ExampleDeviceProfileSelector.dll (API version 3944462).
LogModuleManager: Display: Found up-to-date module file ../../../Engine/Plugins/Runtime/ImmediatePhysics/Binaries/Win64/UE4Editor-ImmediatePhysics.dll (API version 3944462).
LogModuleManager: Display: Found up-to-date module file ../../../Engine/Plugins/Runtime/ImmediatePhysics/Binaries/Win64/UE4Editor-ImmediatePhysicsEditor.dll (API version 3944462).
LogModuleManager: Display: Found up-to-date module file ../../../Engine/Plugins/Runtime/LocationServicesBPLibrary/Binaries/Win64/UE4Editor-LocationServicesBPLibrary.dll (API version 3944462).
LogModuleManager: Display: Found up-to-date module file ../../../Engine/Plugins/Runtime/MobilePatchingUtils/Binaries/Win64/UE4Editor-MobilePatchingUtils.dll (API version 3944462).
LogModuleManager: Display: Found up-to-date module file ../../../Engine/Plugins/Runtime/Oculus/OculusVR/Binaries/Win64/UE4Editor-OculusHMD.dll (API version 3944462).
LogModuleManager: Display: Found up-to-date module file ../../../Engine/Plugins/Runtime/Oculus/OculusVR/Binaries/Win64/UE4Editor-OculusInput.dll (API version 3944462).
LogModuleManager: Display: Found up-to-date module file ../../../Engine/Plugins/Runtime/Oculus/OculusVR/Binaries/Win64/UE4Editor-OculusEditor.dll (API version 3944462).
LogModuleManager: Display: Found up-to-date module file ../../../Engine/Plugins/Runtime/PhysXVehicles/Binaries/Win64/UE4Editor-PhysXVehicles.dll (API version 3944462).
LogModuleManager: Display: Found up-to-date module file ../../../Engine/Plugins/Runtime/PhysXVehicles/Binaries/Win64/UE4Editor-PhysXVehiclesEditor.dll (API version 3944462).
LogModuleManager: Display: Found up-to-date module file ../../../Engine/Plugins/Runtime/ProceduralMeshComponent/Binaries/Win64/UE4Editor-ProceduralMeshComponent.dll (API version 3944462).
LogModuleManager: Display: Found up-to-date module file ../../../Engine/Plugins/Runtime/ProceduralMeshComponent/Binaries/Win64/UE4Editor-ProceduralMeshComponentEditor.dll (API version 3944462).
LogModuleManager: Display: Found up-to-date module file ../../../Engine/Plugins/Runtime/RuntimePhysXCooking/Binaries/Win64/UE4Editor-RuntimePhysXCooking.dll (API version 3944462).
LogModuleManager: Display: Found up-to-date module file ../../../Engine/Plugins/Runtime/Steam/SteamVR/Binaries/Win64/UE4Editor-SteamVR.dll (API version 3944462).
LogModuleManager: Display: Found up-to-date module file ../../../Engine/Plugins/Runtime/Steam/SteamVR/Binaries/Win64/UE4Editor-SteamVRController.dll (API version 3944462).
LogModuleManager: Display: Found up-to-date module file ../../../Engine/Plugins/Runtime/WindowsMoviePlayer/Binaries/Win64/UE4Editor-WindowsMoviePlayer.dll (API version 3944462).
LogInit: Using libcurl 7.47.1
LogInit:  - built for x86_64-pc-win32
LogInit:  - supports SSL with OpenSSL/1.0.2g
LogInit:  - supports HTTP deflate (compression) using libz 1.2.8
LogInit:  - other features:
LogInit:      CURL_VERSION_SSL
LogInit:      CURL_VERSION_LIBZ
LogInit:      CURL_VERSION_IPV6
LogInit:      CURL_VERSION_ASYNCHDNS
LogInit:      CURL_VERSION_LARGEFILE
LogInit:      CURL_VERSION_IDN
LogInit:  CurlRequestOptions (configurable via config and command line):
LogInit:  - bVerifyPeer = false  - Libcurl will NOT verify peer certificate
LogInit:  - bUseHttpProxy = false  - Libcurl will NOT use HTTP proxy
LogInit:  - bDontReuseConnections = false  - Libcurl will reuse connections
LogInit:  - CertBundlePath = nullptr  - Libcurl will use whatever was configured at build time.
LogInit:  - MaxHostConnections = 16  - Libcurl will limit the number of connections to a host
LogInit:  - LocalHostAddr = Default
LogInit: WinSock: version 1.1 (2.2), MaxSocks=32767, MaxUdp=65467
LogInit: WinSock: I am DESKTOP-VHRKD8J (94.207.228.245:0)
LogInit: Build: ++UE4+Release-4.19-CL-4033788
LogInit: Engine Version: 4.19.2-4033788+++UE4+Release-4.19
LogInit: Compatible Engine Version: 4.19.0-3944462+++UE4+Release-4.19
LogInit: Net CL: 3944462
LogDevObjectVersion: Number of dev versions registered: 18
LogDevObjectVersion:   Dev-Blueprints (B0D832E4-1F89-4F0D-ACCF-7EB736FD4AA2): 10
LogDevObjectVersion:   Dev-Build (E1C64328-A22C-4D53-A36C-8E866417BD8C): 0
LogDevObjectVersion:   Dev-Core (375EC13C-06E4-48FB-B500-84F0262A717E): 2
LogDevObjectVersion:   Dev-Editor (E4B068ED-F494-42E9-A231-DA0B2E46BB41): 23
LogDevObjectVersion:   Dev-Framework (CFFC743F-43B0-4480-9391-14DF171D2073): 33
LogDevObjectVersion:   Dev-Mobile (B02B49B5-BB20-44E9-A304-32B752E40360): 2
LogDevObjectVersion:   Dev-Networking (A4E4105C-59A1-49B5-A7C5-40C4547EDFEE): 0
LogDevObjectVersion:   Dev-Online (39C831C9-5AE6-47DC-9A44-9C173E1C8E7C): 0
LogDevObjectVersion:   Dev-Physics (78F01B33-EBEA-4F98-B9B4-84EACCB95AA2): 0
LogDevObjectVersion:   Dev-Platform (6631380F-2D4D-43E0-8009-CF276956A95A): 0
LogDevObjectVersion:   Dev-Rendering (12F88B9F-8875-4AFC-A67C-D90C383ABD29): 25
LogDevObjectVersion:   Dev-Sequencer (7B5AE74C-D270-4C10-A958-57980B212A5A): 6
LogDevObjectVersion:   Dev-VR (D7296918-1DD6-4BDD-9DE2-64A83CC13884): 1
LogDevObjectVersion:   Dev-LoadTimes (C2A15278-BFE7-4AFE-6C17-90FF531DF755): 1
LogDevObjectVersion:   Private-Geometry (6EACA3D4-40EC-4CC1-B786-8BED09428FC5): 2
LogDevObjectVersion:   Dev-AnimPhys (29E575DD-E0A3-4627-9D10-D276232CDCEA): 16
LogDevObjectVersion:   Dev-ReflectionCapture (6B266CEC-1EC7-4B8F-A30B-E4D90942FC07): 1
LogDevObjectVersion:   Dev-Automation (0DF73D61-A23F-47EA-B727-89E90C41499A): 1
LogInit: Compiled (64-bit): Apr 27 2018 02:06:57
LogInit: Compiled with Visual C++: 19.00.24215.01
LogInit: Build Configuration: Development
LogInit: Branch Name: ++UE4+Release-4.19
LogInit: Command Line:  /Game/maps/main_planet -game -PIEVIACONSOLE -ResX=1280 -ResY=720  -Multiprocess -messaging -SessionName="Play in Standalone Game" -windowed 
LogInit: Base Directory: C:/Program Files/Epic Games/UE_4.19/Engine/Binaries/Win64/
LogInit: Installed Engine Build: 1
LogStreaming: Display: Took  0.000s to delete old logs.
LogInit: Presizing for max 8388607 objects, including 0 objects not considered by GC, pre-allocating 0 bytes for permanent pool.
LogInit: Object subsystem initialized
[2018.10.08-15.58.26:680][  0]LogInit: Selected Device Profile: [Windows]
[2018.10.08-15.58.26:680][  0]LogInit: Applying CVar settings loaded from the selected device profile: [Windows]
[2018.10.08-15.58.26:683][  0]LogInit: Computer: DESKTOP-VHRKD8J
[2018.10.08-15.58.26:683][  0]LogInit: User: Gamer
[2018.10.08-15.58.26:683][  0]LogInit: CPU Page size=4096, Cores=4
[2018.10.08-15.58.26:683][  0]LogInit: High frequency timer resolution =3.914063 MHz
[2018.10.08-15.58.26:684][  0]LogMemory: Memory total: Physical=15.9GB (16GB approx)
[2018.10.08-15.58.26:684][  0]LogMemory: Platform Memory Stats for Windows
[2018.10.08-15.58.26:684][  0]LogMemory: Process Physical Memory: 274.17 MB used, 274.17 MB peak
[2018.10.08-15.58.26:684][  0]LogMemory: Process Virtual Memory: 264.90 MB used, 264.90 MB peak
[2018.10.08-15.58.26:684][  0]LogMemory: Physical Memory: 6419.34 MB used,  9894.25 MB free, 16313.59 MB total
[2018.10.08-15.58.26:684][  0]LogMemory: Virtual Memory: 4795.21 MB used,  9894.25 MB free, 134217728.00 MB total
[2018.10.08-15.58.26:967][  0]LogInit: Using OS detected language (en-US).
[2018.10.08-15.58.26:967][  0]LogInit: Using OS detected locale (en-US).
[2018.10.08-15.58.26:967][  0]LogTextLocalizationManager: No localization for 'en-US' exists, so 'en' will be used for the language.
[2018.10.08-15.58.26:967][  0]LogTextLocalizationManager: No localization for 'en-US' exists, so 'en' will be used for the locale.
[2018.10.08-15.58.27:316][  0]LogStreaming: Display: Took  0.350s to EndInitTextLocalization.
[2018.10.08-15.58.27:341][  0]LogSlate: New Slate User Created.  User Index 0, Is Virtual User: 0
[2018.10.08-15.58.27:341][  0]LogSlate: Slate User Registered.  User Index 0, Is Virtual User: 0
[2018.10.08-15.58.27:351][  0]LogD3D11RHI: D3D11 adapters:
[2018.10.08-15.58.27:390][  0]LogD3D11RHI:    0. 'NVIDIA GeForce GTX 980 Ti' (Feature Level 11_0)
[2018.10.08-15.58.27:390][  0]LogD3D11RHI:       6097/0/8156 MB DedicatedVideo/DedicatedSystem/SharedSystem, Outputs:2, VendorId:0x10de
[2018.10.08-15.58.27:392][  0]LogD3D11RHI:    1. 'Microsoft Basic Render Driver' (Feature Level 11_0)
[2018.10.08-15.58.27:392][  0]LogD3D11RHI:       0/0/8156 MB DedicatedVideo/DedicatedSystem/SharedSystem, Outputs:0, VendorId:0x1414
[2018.10.08-15.58.27:392][  0]LogD3D11RHI: Chosen D3D11 Adapter: 0
[2018.10.08-15.58.27:396][  0]LogD3D11RHI: Creating new Direct3DDevice
[2018.10.08-15.58.27:396][  0]LogD3D11RHI:     GPU DeviceId: 0x17c8 (for the marketing name, search the web for "GPU Device Id")
[2018.10.08-15.58.27:397][  0]LogWindows: EnumDisplayDevices:
[2018.10.08-15.58.27:397][  0]LogWindows:    0. 'NVIDIA GeForce GTX 980 Ti' (P:1 D:1)
[2018.10.08-15.58.27:397][  0]LogWindows:    1. 'NVIDIA GeForce GTX 980 Ti' (P:0 D:1)
[2018.10.08-15.58.27:397][  0]LogWindows:    2. 'NVIDIA GeForce GTX 980 Ti' (P:0 D:0)
[2018.10.08-15.58.27:397][  0]LogWindows:    3. 'NVIDIA GeForce GTX 980 Ti' (P:0 D:0)
[2018.10.08-15.58.27:397][  0]LogWindows: DebugString: GetVideoDriverDetailsInvalid PrimaryIsNotTheChoosenAdapter GetVideoDriverDetailsInvalid PrimaryIsNotTheChoosenAdapter GetVideoDriverDetailsInvalid PrimaryIsNotTheChoosenAdapter GetVideoDriverDetailsInvalid PrimaryIsNotTheChoosenAdapter FoundDriverCount:0 
[2018.10.08-15.58.27:397][  0]LogD3D11RHI:     Adapter Name: NVIDIA GeForce GTX 980 Ti
[2018.10.08-15.58.27:397][  0]LogD3D11RHI:   Driver Version: Unknown (internal:Unknown, unified:Unknown)
[2018.10.08-15.58.27:397][  0]LogD3D11RHI:      Driver Date: Unknown
[2018.10.08-15.58.27:397][  0]LogRHI: Texture pool is 4268 MB (70% of 6097 MB)
[2018.10.08-15.58.27:428][  0]LogD3D11RHI: [Aftermath] Aftermath enabled and primed
[2018.10.08-15.58.27:428][  0]LogD3D11RHI: [Aftermath] Aftermath enabled and primed
[2018.10.08-15.58.27:428][  0]LogD3D11RHI: Async texture creation enabled
[2018.10.08-15.58.27:456][  0]LogD3D11RHI: GPU Timing Frequency: 1000.000000 (Debug: 2 2)
[2018.10.08-15.58.27:546][  0]LogShaderCompilers: Guid format shader working directory is -7 characters bigger than the processId version (F:/Folders/School/Personal Project/Colonize/Colonize/Intermediate/Shaders/WorkingDirectory/13048/).
[2018.10.08-15.58.27:546][  0]LogShaderCompilers: Cleaned the shader compiler working directory 'C:/Users/Gamer/AppData/Local/Temp/UnrealShaderWorkingDir/01457FEC4B8B3CB225EA8CAE6AB3178F/'.
[2018.10.08-15.58.27:736][  0]LogTemp: Display: Loaded TP WindowsClientTargetPlatform
[2018.10.08-15.58.27:746][  0]LogTemp: Display: Loaded TP WindowsNoEditorTargetPlatform
[2018.10.08-15.58.27:756][  0]LogTemp: Display: Loaded TP WindowsServerTargetPlatform
[2018.10.08-15.58.27:760][  0]LogTemp: Display: Loaded TP WindowsTargetPlatform
[2018.10.08-15.58.27:760][  0]LogTargetPlatformManager: Display: Building Assets For Windows
[2018.10.08-15.58.27:830][  0]LogXGEController: Cannot use XGE Controller as Incredibuild is not installed on this machine.
[2018.10.08-15.58.27:830][  0]LogShaderCompilers: Cannot use XGE Shader Compiler as Incredibuild is not installed on this machine.
[2018.10.08-15.58.27:830][  0]LogShaderCompilers: Display: Using Local Shader Compiler.
[2018.10.08-15.58.28:309][  0]LogDerivedDataCache: Display: Max Cache Size: 512 MB
[2018.10.08-15.58.28:362][  0]LogDerivedDataCache: Loaded boot cache 0.05s 74MB C:/Users/Gamer/AppData/Local/UnrealEngine/4.19/DerivedDataCache/Boot.ddc.
[2018.10.08-15.58.28:362][  0]LogDerivedDataCache: Display: Loaded Boot cache: C:/Users/Gamer/AppData/Local/UnrealEngine/4.19/DerivedDataCache/Boot.ddc
[2018.10.08-15.58.28:362][  0]LogDerivedDataCache: FDerivedDataBackendGraph:  Pak pak cache file F:/Folders/School/Personal Project/Colonize/Colonize/DerivedDataCache/DDC.ddp not found, will not use a pak cache.
[2018.10.08-15.58.28:362][  0]LogDerivedDataCache: Unable to find inner node Pak for hierarchical cache Hierarchy.
[2018.10.08-15.58.28:362][  0]LogDerivedDataCache: FDerivedDataBackendGraph:  CompressedPak pak cache file F:/Folders/School/Personal Project/Colonize/Colonize/DerivedDataCache/Compressed.ddp not found, will not use a pak cache.
[2018.10.08-15.58.28:362][  0]LogDerivedDataCache: Unable to find inner node CompressedPak for hierarchical cache Hierarchy.
[2018.10.08-15.58.28:374][  0]LogDerivedDataCache: Display: Pak cache opened for reading ../../../Engine/DerivedDataCache/Compressed.ddp.
[2018.10.08-15.58.28:386][  0]LogDerivedDataCache: Using Local data cache path C:/Users/Gamer/AppData/Local/UnrealEngine/Common/DerivedDataCache: Writable
[2018.10.08-15.58.28:386][  0]LogDerivedDataCache: Shared data cache path not found in *engine.ini, will not use an Shared cache.
[2018.10.08-15.58.28:386][  0]LogDerivedDataCache: Unable to find inner node Shared for hierarchical cache Hierarchy.
[2018.10.08-15.58.28:394][  0]LogMaterial: Verifying Global Shaders for PCD3D_SM5
[2018.10.08-15.58.28:394][  0]LogSlate: Using Freetype 2.6.0
[2018.10.08-15.58.28:395][  0]LogSlate: SlateFontCache - WITH_FREETYPE: 1, WITH_HARFBUZZ: 1
[2018.10.08-15.58.28:395][  0]LogSlate: SlateFontCache - WITH_FREETYPE: 1, WITH_HARFBUZZ: 1
[2018.10.08-15.58.28:461][  0]LogAssetRegistry: FAssetRegistry took 0.0031 seconds to start up
[2018.10.08-15.58.28:601][  0]LogPackageLocalizationCache: Processed 9 localized package path(s) for 1 prioritized culture(s) in 0.005852 seconds
[2018.10.08-15.58.28:669][  0]LogInit: Selected Device Profile: [Windows]
[2018.10.08-15.58.28:764][  0]LogSimplygon: Simplygon DLL not present - disabling.
[2018.10.08-15.58.28:766][  0]LogMeshReduction: Using SimplygonSwarm for distributed automatic mesh merging
[2018.10.08-15.58.28:766][  0]LogMeshReduction: Using QuadricMeshReduction for automatic static mesh reduction
[2018.10.08-15.58.28:766][  0]LogMeshReduction: No automatic skeletal mesh reduction module available
[2018.10.08-15.58.28:766][  0]LogMeshReduction: No automatic mesh merging module available
[2018.10.08-15.58.28:766][  0]LogMeshMerging: No automatic mesh merging module available
[2018.10.08-15.58.28:790][  0]LogNetVersion: Colonize , NetCL: 3944462, EngineNetVer: 2, GameNetVer: 0 (Checksum: 2680204734)
[2018.10.08-15.58.29:209][  0]LogMoviePlayer: Initializing movie player
[2018.10.08-15.58.29:438][  0]LogTcpMessaging: Initializing TcpMessaging bridge
[2018.10.08-15.58.29:459][  0]LogUdpMessaging: Initializing bridge on interface 0.0.0.0:0 to multicast group 230.0.0.1:6666.
[2018.10.08-15.58.29:635][  0]SourceControl: Source control is disabled
[2018.10.08-15.58.29:635][  0]SourceControl: Source control is disabled
[2018.10.08-15.58.29:645][  0]SourceControl: Source control is disabled
[2018.10.08-15.58.29:895][  0]LogAndroidPermission: UAndroidPermissionCallbackProxy::GetInstance
[2018.10.08-15.58.29:998][  0]LogOcInput: OculusInput pre-init called
[2018.10.08-15.58.30:025][  0]LogUObjectArray: 40246 objects as part of root set at end of initial load.
[2018.10.08-15.58.30:025][  0]LogUObjectAllocator: 8394272 out of 0 bytes used by permanent object pool.
[2018.10.08-15.58.30:025][  0]LogUObjectArray: CloseDisregardForGC: 0/0 objects in disregard for GC pool
[2018.10.08-15.58.30:064][  0]LogEngine: Initializing Engine...
[2018.10.08-15.58.30:065][  0]LogHMD: Failed to initialize OpenVR with code 110
[2018.10.08-15.58.30:076][  0]LogStats: UGameplayTagsManager::ConstructGameplayTagTree: Construct from data asset -  0.000 s
[2018.10.08-15.58.30:076][  0]LogStats: UGameplayTagsManager::ConstructGameplayTagTree: GameplayTagTreeChangedEvent.Broadcast -  0.000 s
[2018.10.08-15.58.30:208][  0]LogInit: XAudio2 using 'Headset Earphone (Corsair VOID RGB USB Gaming Headset)' : 6 channels at 48 kHz using 16 bits per sample (channel mask 0x3f)
[2018.10.08-15.58.30:219][  0]LogInit: FAudioDevice initialized.
[2018.10.08-15.58.30:240][  0]LogInit: Texture streaming: Enabled
[2018.10.08-15.58.30:327][  0]LogInit: Display: Game Engine Initialized.
[2018.10.08-15.58.30:327][  0]LogGameplayTags: Display: UGameplayTagsManager::DoneAddingNativeTags. DelegateIsBound: 0
[2018.10.08-15.58.30:327][  0]LogStats: UGameplayTagsManager::ConstructGameplayTagTree: Construct from data asset -  0.000 s
[2018.10.08-15.58.30:327][  0]LogStats: UGameplayTagsManager::ConstructGameplayTagTree: GameplayTagTreeChangedEvent.Broadcast -  0.000 s
[2018.10.08-15.58.30:385][  0]LogInit: Display: Starting Game.
[2018.10.08-15.58.30:386][  0]LogNet: Browse: /Game/maps/main_planet?Name=Player
[2018.10.08-15.58.30:386][  0]LogLoad: LoadMap: /Game/maps/main_planet?Name=Player
[2018.10.08-15.58.30:447][  0]LogUObjectGlobals: Created PersistentFrame Addr=0x0000020ee1055300, Size=592, Default__NewPlayer_BP_C Function /Game/blueprints/NewPlayer_BP.NewPlayer_BP_C:ExecuteUbergraph_NewPlayer_BP
[2018.10.08-15.58.30:450][  0]LogUObjectGlobals: Created PersistentFrame Addr=0x0000020ee0ff57f8, Size=56, Default__Colony_Warning_Menu_C Function /Game/UI/Colony_Warning_Menu.Colony_Warning_Menu_C:ExecuteUbergraph_Colony_Warning_Menu
[2018.10.08-15.58.30:455][  0]LogUObjectGlobals: Created PersistentFrame Addr=0x0000020ee0a2bf10, Size=80, Default__Pause_Menu_C Function /Game/UI/Pause_Menu.Pause_Menu_C:ExecuteUbergraph_Pause_Menu
[2018.10.08-15.58.30:456][  0]LogUObjectGlobals: Created PersistentFrame Addr=0x0000020ee0a62640, Size=32, Default__Right_Click_Menu_C Function /Game/UI/Right_Click_Menu.Right_Click_Menu_C:ExecuteUbergraph_Right_Click_Menu
[2018.10.08-15.58.30:472][  0]LogUObjectGlobals: Destroyed PersistentFrame Addr=0x0000020ee1055300, Size=592
[2018.10.08-15.58.30:472][  0]LogUObjectGlobals: Created PersistentFrame Addr=0x0000020ee0fd2200, Size=592, Default__NewPlayer_BP_C Function /Engine/Transient.REINST_NewPlayer_BP_C_8:ExecuteUbergraph_NewPlayer_BP
[2018.10.08-15.58.30:472][  0]LogUObjectGlobals: Destroyed PersistentFrame Addr=0x0000020ee0ff57f8, Size=56
[2018.10.08-15.58.30:472][  0]LogUObjectGlobals: Created PersistentFrame Addr=0x0000020ee0ff57f8, Size=56, Default__Colony_Warning_Menu_C Function /Engine/Transient.REINST_Colony_Warning_Menu_C_0:ExecuteUbergraph_Colony_Warning_Menu
[2018.10.08-15.58.30:472][  0]LogUObjectGlobals: Destroyed PersistentFrame Addr=0x0000020ee0a2bf10, Size=80
[2018.10.08-15.58.30:472][  0]LogUObjectGlobals: Created PersistentFrame Addr=0x0000020ee09de1b0, Size=80, Default__Pause_Menu_C Function /Engine/Transient.REINST_Pause_Menu_C_1:ExecuteUbergraph_Pause_Menu
[2018.10.08-15.58.30:472][  0]LogUObjectGlobals: Destroyed PersistentFrame Addr=0x0000020ee0a62640, Size=32
[2018.10.08-15.58.30:472][  0]LogUObjectGlobals: Created PersistentFrame Addr=0x0000020ee09c4a00, Size=32, Default__Right_Click_Menu_C Function /Engine/Transient.REINST_Right_Click_Menu_C_2:ExecuteUbergraph_Right_Click_Menu
[2018.10.08-15.58.30:486][  0]LogUObjectGlobals: Created PersistentFrame Addr=0x0000020ed39ef600, Size=592, Default__NewPlayer_BP_C Function /Game/blueprints/NewPlayer_BP.NewPlayer_BP_C:ExecuteUbergraph_NewPlayer_BP
[2018.10.08-15.58.30:487][  0]LogUObjectGlobals: Created PersistentFrame Addr=0x0000020ec58bf468, Size=56, Default__Colony_Warning_Menu_C Function /Game/UI/Colony_Warning_Menu.Colony_Warning_Menu_C:ExecuteUbergraph_Colony_Warning_Menu
[2018.10.08-15.58.30:487][  0]LogUObjectGlobals: Created PersistentFrame Addr=0x0000020ed39dda80, Size=80, Default__Pause_Menu_C Function /Game/UI/Pause_Menu.Pause_Menu_C:ExecuteUbergraph_Pause_Menu
[2018.10.08-15.58.30:488][  0]LogUObjectGlobals: Created PersistentFrame Addr=0x0000020ec58bf0e8, Size=56, Default__Right_Click_Menu_C Function /Game/UI/Right_Click_Menu.Right_Click_Menu_C:ExecuteUbergraph_Right_Click_Menu
[2018.10.08-15.58.30:530][  0]LogAIModule: Creating AISystem for world main_planet
[2018.10.08-15.58.30:532][  0]LogLoad: Game class is 'GameMode_BP_C'
[2018.10.08-15.58.30:534][  0]LogWorld: Bringing World /Game/maps/main_planet.main_planet up for play (max tick rate 0) at 2018.10.08-19.58.30
[2018.10.08-15.58.30:534][  0]LogWorld: Bringing up level for play took: 0.001600
[2018.10.08-15.58.30:535][  0]LogGameMode: FindPlayerStart: PATHS NOT DEFINED or NO PLAYERSTART with positive rating
[2018.10.08-15.58.30:536][  0]LogLoad: Took 0.149094 seconds to LoadMap(/Game/maps/main_planet)
[2018.10.08-15.58.30:606][  0]LogLoad: (Engine Initialization) Total time: 5.89 seconds
[2018.10.08-15.58.30:606][  0]LogLoad: (Engine Initialization) Total Blueprint compile time: 0.00 seconds
[2018.10.08-15.58.30:626][  0]LogRenderer: Reallocating scene render targets to support 1280x720 Format 10 NumSamples 1 (Frame:1).
[2018.10.08-15.58.30:661][  0]LogWindowsTextInputMethodSystem: Display: IME system now deactivated.
[2018.10.08-15.58.30:663][  0]LogContentStreaming: Texture pool size now 1000 MB
[2018.10.08-15.58.40:710][622]LogSlate: FSceneViewport::OnFocusLost() reason 0
[2018.10.08-15.58.41:113][647]LogSlate: FSceneViewport::OnFocusLost() reason 0
[2018.10.08-15.58.43:565][799]LogSlate: FSceneViewport::OnFocusLost() reason 0
[2018.10.08-15.58.43:634][803]LogBlueprintUserMessages: [NewPlayer_BP_C_6] Saved Sucessfully!
[2018.10.08-15.58.43:634][803]LogBlueprintUserMessages: [NewPlayer_BP_C_6] Translation: X=98.105 Y=-2008.011 Z=-75.559 Rotation: P=0.000000 Y=5.655813 R=-95.507568 Scale X=4.000 Y=4.000 Z=4.000
[2018.10.08-15.58.46:438][977]LogWindows: Windows GetLastError: The operation completed successfully. (0)
[2018.10.08-15.58.46:981][977]LogWindows: Error: === Critical error: ===
[2018.10.08-15.58.46:981][977]LogWindows: Error: 
[2018.10.08-15.58.46:981][977]LogWindows: Error: Assertion failed: (Index >= 0) & (Index < ArrayNum) [File:C:\Program Files\Epic Games\UE_4.19\Engine\Source\Runtime\Core\Public\Containers/Array.h] [Line: 610] 
[2018.10.08-15.58.46:981][977]LogWindows: Error: Array index out of bounds: 1 from an array of size 0
[2018.10.08-15.58.46:981][977]LogWindows: Error: 
[2018.10.08-15.58.46:981][977]LogWindows: Error: 
[2018.10.08-15.58.46:981][977]LogWindows: Error: [Callstack] 0x00000000F8F1A388 KERNELBASE.dll!UnknownFunction []
[2018.10.08-15.58.46:981][977]LogWindows: Error: [Callstack] 0x00000000BEF27884 UE4Editor-ApplicationCore.dll!UnknownFunction []
[2018.10.08-15.58.46:981][977]LogWindows: Error: [Callstack] 0x00000000B1546D9B UE4Editor-Core.dll!UnknownFunction []
[2018.10.08-15.58.46:981][977]LogWindows: Error: [Callstack] 0x00000000B1481949 UE4Editor-Core.dll!UnknownFunction []
[2018.10.08-15.58.46:981][977]LogWindows: Error: [Callstack] 0x000000006B00461D UE4Editor-Colonize.dll!UPlayerStats::DeleteColonyToTrack() [f:\folders\school\personal project\colonize\colonize\source\colonize\playerstats.cpp:130]
[2018.10.08-15.58.46:981][977]LogWindows: Error: [Callstack] 0x000000006B004ECB UE4Editor-Colonize.dll!UPlayerStats::execDeleteColonyToTrack() [f:\folders\school\personal project\colonize\colonize\source\colonize\playerstats.h:21]
[2018.10.08-15.58.46:981][977]LogWindows: Error: [Callstack] 0x00000000B0D9E094 UE4Editor-CoreUObject.dll!UnknownFunction []
[2018.10.08-15.58.46:981][977]LogWindows: Error: [Callstack] 0x00000000B0F70781 UE4Editor-CoreUObject.dll!UnknownFunction []
[2018.10.08-15.58.46:981][977]LogWindows: Error: [Callstack] 0x00000000B0F887B1 UE4Editor-CoreUObject.dll!UnknownFunction []
[2018.10.08-15.58.46:981][977]LogWindows: Error: [Callstack] 0x00000000B0FB3D40 UE4Editor-CoreUObject.dll!UnknownFunction []
[2018.10.08-15.58.46:981][977]LogWindows: Error: [Callstack] 0x00000000B0F8AA82 UE4Editor-CoreUObject.dll!UnknownFunction []
[2018.10.08-15.58.46:981][977]LogWindows: Error: [Callstack] 0x00000000B0F711EE UE4Editor-CoreUObject.dll!UnknownFunction []
[2018.10.08-15.58.46:981][977]LogWindows: Error: [Callstack] 0x00000000B0F8AA82 UE4Editor-CoreUObject.dll!UnknownFunction []
[2018.10.08-15.58.46:981][977]LogWindows: Error: [Callstack] 0x00000000B0F711EE UE4Editor-CoreUObject.dll!UnknownFunction []
[2018.10.08-15.58.46:981][977]LogWindows: Error: [Callstack] 0x00000000B0F887B1 UE4Editor-CoreUObject.dll!UnknownFunction []
[2018.10.08-15.58.46:981][977]LogWindows: Error: [Callstack] 0x00000000B0F8AA82 UE4Editor-CoreUObject.dll!UnknownFunction []
[2018.10.08-15.58.46:981][977]LogWindows: Error: [Callstack] 0x00000000B0F711EE UE4Editor-CoreUObject.dll!UnknownFunction []
[2018.10.08-15.58.46:981][977]LogWindows: Error: [Callstack] 0x00000000B0F8AA82 UE4Editor-CoreUObject.dll!UnknownFunction []
[2018.10.08-15.58.46:981][977]LogWindows: Error: [Callstack] 0x00000000B0D9E094 UE4Editor-CoreUObject.dll!UnknownFunction []
[2018.10.08-15.58.46:981][977]LogWindows: Error: [Callstack] 0x00000000B0F89D73 UE4Editor-CoreUObject.dll!UnknownFunction []
[2018.10.08-15.58.46:981][977]LogWindows: Error: [Callstack] 0x00000000AAFEE119 UE4Editor-UMG.dll!UnknownFunction []
[2018.10.08-15.58.46:981][977]LogWindows: Error: [Callstack] 0x00000000AB0EA03F UE4Editor-UMG.dll!UnknownFunction []
[2018.10.08-15.58.46:981][977]LogWindows: Error: [Callstack] 0x00000000AAFC847E UE4Editor-UMG.dll!UnknownFunction []
[2018.10.08-15.58.46:981][977]LogWindows: Error: [Callstack] 0x00000000AAFCA939 UE4Editor-UMG.dll!UnknownFunction []
[2018.10.08-15.58.46:981][977]LogWindows: Error: [Callstack] 0x00000000AB074981 UE4Editor-UMG.dll!UnknownFunction []
[2018.10.08-15.58.46:981][977]LogWindows: Error: [Callstack] 0x00000000AD8DB7F7 UE4Editor-Slate.dll!UnknownFunction []
[2018.10.08-15.58.46:981][977]LogWindows: Error: [Callstack] 0x00000000AD9019E8 UE4Editor-Slate.dll!UnknownFunction []
[2018.10.08-15.58.46:981][977]LogWindows: Error: [Callstack] 0x00000000AD72485C UE4Editor-Slate.dll!UnknownFunction []
[2018.10.08-15.58.46:981][977]LogWindows: Error: [Callstack] 0x00000000AD6F7D75 UE4Editor-Slate.dll!UnknownFunction []
[2018.10.08-15.58.46:981][977]LogWindows: Error: [Callstack] 0x00000000AD78F617 UE4Editor-Slate.dll!UnknownFunction []
[2018.10.08-15.58.46:981][977]LogWindows: Error: [Callstack] 0x00000000AD777D0D UE4Editor-Slate.dll!UnknownFunction []
[2018.10.08-15.58.46:981][977]LogWindows: Error: [Callstack] 0x00000000AD76B3E2 UE4Editor-Slate.dll!UnknownFunction []
[2018.10.08-15.58.46:981][977]LogWindows: Error: [Callstack] 0x00000000BEF1E69B UE4Editor-ApplicationCore.dll!UnknownFunction []
[2018.10.08-15.58.46:981][977]LogWindows: Error: [Callstack] 0x00000000BEF11B78 UE4Editor-ApplicationCore.dll!UnknownFunction []
[2018.10.08-15.58.46:981][977]LogWindows: Error: [Callstack] 0x00000000BEF2052C UE4Editor-ApplicationCore.dll!UnknownFunction []
[2018.10.08-15.58.46:981][977]LogWindows: Error: [Callstack] 0x00000000BEF0D679 UE4Editor-ApplicationCore.dll!UnknownFunction []
[2018.10.08-15.58.46:981][977]LogWindows: Error: [Callstack] 0x00000000FC256CC1 USER32.dll!UnknownFunction []
[2018.10.08-15.58.46:981][977]LogWindows: Error: [Callstack] 0x00000000FC256693 USER32.dll!UnknownFunction []
[2018.10.08-15.58.46:981][977]LogWindows: Error: [Callstack] 0x00000000BEF21666 UE4Editor-ApplicationCore.dll!UnknownFunction []
[2018.10.08-15.58.46:981][977]LogWindows: Error: [Callstack] 0x0000000060395475 UE4Editor.exe!UnknownFunction []
[2018.10.08-15.58.46:981][977]LogWindows: Error: [Callstack] 0x00000000603A6BD0 UE4Editor.exe!UnknownFunction []
[2018.10.08-15.58.46:981][977]LogWindows: Error: [Callstack] 0x00000000603A6C4A UE4Editor.exe!UnknownFunction []
[2018.10.08-15.58.46:981][977]LogWindows: Error: [Callstack] 0x00000000603B4177 UE4Editor.exe!UnknownFunction []
[2018.10.08-15.58.46:981][977]LogWindows: Error: [Callstack] 0x00000000603B5B87 UE4Editor.exe!UnknownFunction []
[2018.10.08-15.58.46:981][977]LogWindows: Error: [Callstack] 0x00000000FC463034 KERNEL32.DLL!UnknownFunction []
[2018.10.08-15.58.46:981][977]LogWindows: Error: [Callstack] 0x00000000FC831461 ntdll.dll!UnknownFunction []
[2018.10.08-15.58.46:981][977]LogWindows: Error: [Callstack] 0x00000000FC831461 ntdll.dll!UnknownFunction []
[2018.10.08-15.58.46:981][977]LogWindows: Error: 
[2018.10.08-15.58.46:991][977]LogExit: Executing StaticShutdownAfterError
[2018.10.08-15.58.46:992][977]LogWindows: FPlatformMisc::RequestExit(1)
[2018.10.08-15.58.46:992][977]Log file closed, 10/08/18 19:58:46
